2019-07-21 18:23:44,046 - INFO -root : start running financeChina
2019-07-21 18:23:44,046 - INFO -root : req new page of :http://finance.china.com.cn/stock/ssgs
2019-07-21 18:23:44,055 - DEBUG -urllib3.connectionpool : Starting new HTTP connection (1): finance.china.com.cn:80
2019-07-21 18:23:44,272 - DEBUG -urllib3.connectionpool : http://finance.china.com.cn:80 "GET /stock/ssgs HTTP/1.1" 301 None
2019-07-21 18:23:44,386 - DEBUG -urllib3.connectionpool : http://finance.china.com.cn:80 "GET /stock/ssgs/ HTTP/1.1" 200 None
2019-07-21 18:23:45,417 - INFO -root : news title: 租赁业务增长率五年连降 包租公富森美遭遇成长的烦恼
2019-07-21 18:23:45,425 - INFO -root : news link: http://finance.china.com.cn/news/20190720/5034349.shtml
2019-07-21 18:23:45,428 - DEBUG -urllib3.connectionpool : Starting new HTTP connection (1): finance.china.com.cn:80
2019-07-21 18:23:45,616 - DEBUG -urllib3.connectionpool : http://finance.china.com.cn:80 "GET /news/20190720/5034349.shtml HTTP/1.1" 200 None
2019-07-21 18:24:56,194 - INFO -root : start running financeChina
2019-07-21 18:24:56,197 - INFO -root : req new page of :http://finance.china.com.cn/stock/ssgs
2019-07-21 18:24:56,206 - DEBUG -urllib3.connectionpool : Starting new HTTP connection (1): finance.china.com.cn:80
2019-07-21 18:24:56,374 - DEBUG -urllib3.connectionpool : http://finance.china.com.cn:80 "GET /stock/ssgs HTTP/1.1" 301 None
2019-07-21 18:24:56,410 - DEBUG -urllib3.connectionpool : http://finance.china.com.cn:80 "GET /stock/ssgs/ HTTP/1.1" 200 8322
2019-07-21 18:24:56,468 - INFO -root : news title: 租赁业务增长率五年连降 包租公富森美遭遇成长的烦恼
2019-07-21 18:24:56,483 - INFO -root : news link: http://finance.china.com.cn/news/20190720/5034349.shtml
2019-07-21 18:24:56,489 - DEBUG -urllib3.connectionpool : Starting new HTTP connection (1): finance.china.com.cn:80
2019-07-21 18:24:56,557 - DEBUG -urllib3.connectionpool : http://finance.china.com.cn:80 "GET /news/20190720/5034349.shtml HTTP/1.1" 200 15124
2019-07-21 18:24:56,634 - INFO -root : http://finance.china.com.cn/news/20190720/5034349.shtml ...done
2019-07-21 18:24:56,640 - INFO -root : news title: 德邦股份1.6亿理财款爆雷 物流主业净利增速放缓频遭投诉
2019-07-21 18:24:56,642 - INFO -root : news link: http://finance.china.com.cn/news/20190720/5034247.shtml
2019-07-21 18:24:56,647 - DEBUG -urllib3.connectionpool : Starting new HTTP connection (1): finance.china.com.cn:80
2019-07-21 18:24:56,835 - DEBUG -urllib3.connectionpool : http://finance.china.com.cn:80 "GET /news/20190720/5034247.shtml HTTP/1.1" 200 None
2019-07-21 18:24:57,885 - INFO -root : http://finance.china.com.cn/news/20190720/5034247.shtml ...done
2019-07-21 18:24:57,886 - INFO -root : news title: 因原材料价格大涨 海欣食品上半年净利减少逾三成
2019-07-21 18:24:57,886 - INFO -root : news link: http://finance.china.com.cn/stock/ssgs/20190719/5034110.shtml
2019-07-21 18:24:57,888 - DEBUG -urllib3.connectionpool : Starting new HTTP connection (1): finance.china.com.cn:80
2019-07-21 18:24:58,064 - DEBUG -urllib3.connectionpool : http://finance.china.com.cn:80 "GET /stock/ssgs/20190719/5034110.shtml HTTP/1.1" 200 None
2019-07-21 18:24:59,120 - INFO -root : http://finance.china.com.cn/stock/ssgs/20190719/5034110.shtml ...done
2019-07-21 18:24:59,132 - INFO -root : news title: 雨一直下 桂林旅游上半年盈利不好怪天气？
2019-07-21 18:24:59,134 - INFO -root : news link: http://finance.china.com.cn/stock/ssgs/20190719/5034099.shtml
2019-07-21 18:24:59,136 - DEBUG -urllib3.connectionpool : Starting new HTTP connection (1): finance.china.com.cn:80
2019-07-21 18:24:59,335 - DEBUG -urllib3.connectionpool : http://finance.china.com.cn:80 "GET /stock/ssgs/20190719/5034099.shtml HTTP/1.1" 200 16234
2019-07-21 18:24:59,926 - INFO -root : http://finance.china.com.cn/stock/ssgs/20190719/5034099.shtml ...done
2019-07-21 18:24:59,928 - INFO -root : news title: 龙大肉食盘中闪崩跌停 太平洋刚喊买入目标价16.5元
2019-07-21 18:24:59,928 - INFO -root : news link: http://finance.china.com.cn/stock/ssgs/20190719/5034000.shtml
2019-07-21 18:24:59,931 - DEBUG -urllib3.connectionpool : Starting new HTTP connection (1): finance.china.com.cn:80
2019-07-21 18:25:00,082 - DEBUG -urllib3.connectionpool : http://finance.china.com.cn:80 "GET /stock/ssgs/20190719/5034000.shtml HTTP/1.1" 200 13824
2019-07-21 18:25:00,656 - INFO -root : http://finance.china.com.cn/stock/ssgs/20190719/5034000.shtml ...done
2019-07-21 18:25:00,656 - INFO -root : news title: 康得新股东会暂停5分钟后重开 同意成立股东维权委员会
2019-07-21 18:25:00,657 - INFO -root : news link: http://finance.china.com.cn/stock/ssgs/20190719/5033999.shtml
2019-07-21 18:25:00,659 - DEBUG -urllib3.connectionpool : Starting new HTTP connection (1): finance.china.com.cn:80
2019-07-21 18:25:00,884 - DEBUG -urllib3.connectionpool : http://finance.china.com.cn:80 "GET /stock/ssgs/20190719/5033999.shtml HTTP/1.1" 200 None
2019-07-21 18:25:01,930 - INFO -root : http://finance.china.com.cn/stock/ssgs/20190719/5033999.shtml ...done
2019-07-21 18:25:01,930 - INFO -root : news title: 低价股紧急排雷 又一只“仙股”拉响退市警报
2019-07-21 18:25:01,932 - INFO -root : news link: http://finance.china.com.cn/stock/ssgs/20190719/5033927.shtml
2019-07-21 18:25:01,933 - DEBUG -urllib3.connectionpool : Starting new HTTP connection (1): finance.china.com.cn:80
2019-07-21 18:25:02,071 - DEBUG -urllib3.connectionpool : http://finance.china.com.cn:80 "GET /stock/ssgs/20190719/5033927.shtml HTTP/1.1" 200 14867
2019-07-21 18:25:02,634 - INFO -root : http://finance.china.com.cn/stock/ssgs/20190719/5033927.shtml ...done
2019-07-21 18:25:02,635 - INFO -root : news title: 对外交易疑点多多 监管层追问黑芝麻幕后猫腻
2019-07-21 18:25:02,635 - INFO -root : news link: http://finance.china.com.cn/stock/ssgs/20190719/5033899.shtml
2019-07-21 18:25:02,638 - DEBUG -urllib3.connectionpool : Starting new HTTP connection (1): finance.china.com.cn:80
2019-07-21 18:25:02,843 - DEBUG -urllib3.connectionpool : http://finance.china.com.cn:80 "GET /stock/ssgs/20190719/5033899.shtml HTTP/1.1" 200 None
2019-07-21 18:25:03,887 - INFO -root : http://finance.china.com.cn/stock/ssgs/20190719/5033899.shtml ...done
2019-07-21 18:25:03,888 - INFO -root : news title: 茅台增速放缓：1.4万吨直营量未落地 调结构成新增长极？
2019-07-21 18:25:03,888 - INFO -root : news link: http://finance.china.com.cn/stock/ssgs/20190719/5033858.shtml
2019-07-21 18:25:03,890 - DEBUG -urllib3.connectionpool : Starting new HTTP connection (1): finance.china.com.cn:80
2019-07-21 18:25:04,045 - DEBUG -urllib3.connectionpool : http://finance.china.com.cn:80 "GET /stock/ssgs/20190719/5033858.shtml HTTP/1.1" 200 17882
2019-07-21 18:25:04,640 - INFO -root : http://finance.china.com.cn/stock/ssgs/20190719/5033858.shtml ...done
2019-07-21 18:25:04,640 - INFO -root : news title: 东阿业绩断崖式下跌 祸起渠道库存？
2019-07-21 18:25:04,641 - INFO -root : news link: http://finance.china.com.cn/stock/ssgs/20190719/5033817.shtml
2019-07-21 18:25:04,643 - DEBUG -urllib3.connectionpool : Starting new HTTP connection (1): finance.china.com.cn:80
2019-07-21 18:25:04,806 - DEBUG -urllib3.connectionpool : http://finance.china.com.cn:80 "GET /stock/ssgs/20190719/5033817.shtml HTTP/1.1" 200 15186
2019-07-21 18:25:05,347 - INFO -root : http://finance.china.com.cn/stock/ssgs/20190719/5033817.shtml ...done
2019-07-21 18:25:05,350 - INFO -root : news title: 金种子酒上半年预亏超3000万 主推产品销量不及预期
2019-07-21 18:25:05,351 - INFO -root : news link: http://finance.china.com.cn/stock/ssgs/20190719/5033741.shtml
2019-07-21 18:25:05,354 - DEBUG -urllib3.connectionpool : Starting new HTTP connection (1): finance.china.com.cn:80
2019-07-21 18:25:05,514 - DEBUG -urllib3.connectionpool : http://finance.china.com.cn:80 "GET /stock/ssgs/20190719/5033741.shtml HTTP/1.1" 200 None
2019-07-21 18:25:06,615 - INFO -root : http://finance.china.com.cn/stock/ssgs/20190719/5033741.shtml ...done
2019-07-21 18:25:06,623 - INFO -root : news title: 光力科技应收账款屡超营收回款压力大 股东及高管大肆减持
2019-07-21 18:25:06,623 - INFO -root : news link: http://finance.china.com.cn/stock/ssgs/20190719/5033746.shtml
2019-07-21 18:25:06,626 - DEBUG -urllib3.connectionpool : Starting new HTTP connection (1): finance.china.com.cn:80
2019-07-21 18:25:06,763 - DEBUG -urllib3.connectionpool : http://finance.china.com.cn:80 "GET /stock/ssgs/20190719/5033746.shtml HTTP/1.1" 200 14976
2019-07-21 18:25:07,321 - INFO -root : http://finance.china.com.cn/stock/ssgs/20190719/5033746.shtml ...done
2019-07-21 18:25:07,321 - INFO -root : news title: 贵州茅台上半年营收净利增速双降 经销商锐减近600家
2019-07-21 18:25:07,322 - INFO -root : news link: http://finance.china.com.cn/stock/ssgs/20190719/5033750.shtml
2019-07-21 18:25:07,323 - DEBUG -urllib3.connectionpool : Starting new HTTP connection (1): finance.china.com.cn:80
2019-07-21 18:25:07,442 - DEBUG -urllib3.connectionpool : http://finance.china.com.cn:80 "GET /stock/ssgs/20190719/5033750.shtml HTTP/1.1" 200 14716
2019-07-21 18:25:08,036 - INFO -root : http://finance.china.com.cn/stock/ssgs/20190719/5033750.shtml ...done
2019-07-21 18:25:08,036 - INFO -root : news title: "绞肉机"华凯创意业绩变脸 投行西部证券赚2300万
2019-07-21 18:25:08,037 - INFO -root : news link: http://finance.china.com.cn/stock/ssgs/20190719/5033691.shtml
2019-07-21 18:25:08,040 - DEBUG -urllib3.connectionpool : Starting new HTTP connection (1): finance.china.com.cn:80
2019-07-21 18:25:08,243 - DEBUG -urllib3.connectionpool : http://finance.china.com.cn:80 "GET /stock/ssgs/20190719/5033691.shtml HTTP/1.1" 200 None
2019-07-21 18:25:10,810 - INFO -root : http://finance.china.com.cn/stock/ssgs/20190719/5033691.shtml ...done
2019-07-21 18:25:10,820 - INFO -root : news title: 垃圾分类激活环保股 上市公司的退与进
2019-07-21 18:25:10,820 - INFO -root : news link: http://finance.china.com.cn/stock/ssgs/20190719/5033675.shtml
2019-07-21 18:25:10,823 - DEBUG -urllib3.connectionpool : Starting new HTTP connection (1): finance.china.com.cn:80
2019-07-21 18:25:10,962 - DEBUG -urllib3.connectionpool : http://finance.china.com.cn:80 "GET /stock/ssgs/20190719/5033675.shtml HTTP/1.1" 200 21096
2019-07-21 18:25:11,550 - INFO -root : http://finance.china.com.cn/stock/ssgs/20190719/5033675.shtml ...done
2019-07-21 18:25:11,551 - INFO -root : news title: 没钱买饲料饿死猪 *ST雏鹰跌破面值提示退市风险
2019-07-21 18:25:11,551 - INFO -root : news link: http://finance.china.com.cn/stock/ssgs/20190719/5033599.shtml
2019-07-21 18:25:11,554 - DEBUG -urllib3.connectionpool : Starting new HTTP connection (1): finance.china.com.cn:80
2019-07-21 18:25:11,716 - DEBUG -urllib3.connectionpool : http://finance.china.com.cn:80 "GET /stock/ssgs/20190719/5033599.shtml HTTP/1.1" 200 16216
2019-07-21 18:25:12,296 - INFO -root : http://finance.china.com.cn/stock/ssgs/20190719/5033599.shtml ...done
2019-07-21 18:25:12,299 - INFO -root : news title: 斗鱼“熬”到上市 游戏直播进入双寡头时代
2019-07-21 18:25:12,301 - INFO -root : news link: http://finance.china.com.cn/stock/ssgs/20190719/5033560.shtml
2019-07-21 18:25:12,304 - DEBUG -urllib3.connectionpool : Starting new HTTP connection (1): finance.china.com.cn:80
2019-07-21 18:25:12,487 - DEBUG -urllib3.connectionpool : http://finance.china.com.cn:80 "GET /stock/ssgs/20190719/5033560.shtml HTTP/1.1" 200 None
2019-07-21 18:25:13,529 - INFO -root : http://finance.china.com.cn/stock/ssgs/20190719/5033560.shtml ...done
2019-07-21 18:25:13,529 - INFO -root : news title: 代理王力宏演唱会半途而废 当代东方赔钱只为赚吆喝？
2019-07-21 18:25:13,530 - INFO -root : news link: http://finance.china.com.cn/stock/ssgs/20190719/5033465.shtml
2019-07-21 18:25:13,532 - DEBUG -urllib3.connectionpool : Starting new HTTP connection (1): finance.china.com.cn:80
2019-07-21 18:25:13,767 - DEBUG -urllib3.connectionpool : http://finance.china.com.cn:80 "GET /stock/ssgs/20190719/5033465.shtml HTTP/1.1" 200 None
2019-07-21 18:25:14,811 - INFO -root : http://finance.china.com.cn/stock/ssgs/20190719/5033465.shtml ...done
2019-07-21 18:25:14,814 - INFO -root : news title: 大族激光欧洲运营中心被质疑实为酒店？ 建设地疑似旅游区
2019-07-21 18:25:14,821 - INFO -root : news link: http://finance.china.com.cn/stock/ssgs/20190719/5033470.shtml
2019-07-21 18:25:14,823 - DEBUG -urllib3.connectionpool : Starting new HTTP connection (1): finance.china.com.cn:80
2019-07-21 18:25:15,022 - DEBUG -urllib3.connectionpool : http://finance.china.com.cn:80 "GET /stock/ssgs/20190719/5033470.shtml HTTP/1.1" 200 None
2019-07-21 18:25:16,057 - INFO -root : http://finance.china.com.cn/stock/ssgs/20190719/5033470.shtml ...done
2019-07-21 18:25:16,057 - INFO -root : news title: 股权未过户便“着急”聘请收购方高管 *ST东凌三董事投反对票
2019-07-21 18:25:16,058 - INFO -root : news link: http://finance.china.com.cn/stock/ssgs/20190719/5033473.shtml
2019-07-21 18:25:16,061 - DEBUG -urllib3.connectionpool : Starting new HTTP connection (1): finance.china.com.cn:80
2019-07-21 18:25:16,183 - DEBUG -urllib3.connectionpool : http://finance.china.com.cn:80 "GET /stock/ssgs/20190719/5033473.shtml HTTP/1.1" 200 14934
2019-07-21 18:25:16,742 - INFO -root : http://finance.china.com.cn/stock/ssgs/20190719/5033473.shtml ...done
2019-07-21 18:25:16,757 - INFO -root : news title: 卖子还债 金鸿控股拟出售旗下20余家公司股权
2019-07-21 18:25:16,763 - INFO -root : news link: http://finance.china.com.cn/stock/ssgs/20190719/5033444.shtml
2019-07-21 18:25:16,767 - DEBUG -urllib3.connectionpool : Starting new HTTP connection (1): finance.china.com.cn:80
2019-07-21 18:25:17,023 - DEBUG -urllib3.connectionpool : http://finance.china.com.cn:80 "GET /stock/ssgs/20190719/5033444.shtml HTTP/1.1" 200 14409
2019-07-21 18:25:17,647 - INFO -root : http://finance.china.com.cn/stock/ssgs/20190719/5033444.shtml ...done
2019-07-21 18:25:17,649 - INFO -root : news title: 代理王力宏演唱会半途而废当代东方赔钱只为赚吆喝？
2019-07-21 18:25:17,649 - INFO -root : news link: http://finance.china.com.cn/stock/ssgs/20190719/5033232.shtml
2019-07-21 18:25:17,652 - DEBUG -urllib3.connectionpool : Starting new HTTP connection (1): finance.china.com.cn:80
2019-07-21 18:25:17,927 - DEBUG -urllib3.connectionpool : http://finance.china.com.cn:80 "GET /stock/ssgs/20190719/5033232.shtml HTTP/1.1" 200 None
2019-07-21 18:25:18,972 - INFO -root : http://finance.china.com.cn/stock/ssgs/20190719/5033232.shtml ...done
2019-07-21 18:25:18,973 - INFO -root : news title: 新大洲被深交所"亮剑" 董事长等多名高管遭公开谴责
2019-07-21 18:25:18,974 - INFO -root : news link: http://finance.china.com.cn/stock/ssgs/20190718/5033086.shtml
2019-07-21 18:25:18,977 - DEBUG -urllib3.connectionpool : Starting new HTTP connection (1): finance.china.com.cn:80
2019-07-21 18:25:19,167 - DEBUG -urllib3.connectionpool : http://finance.china.com.cn:80 "GET /stock/ssgs/20190718/5033086.shtml HTTP/1.1" 200 None
2019-07-21 18:25:20,210 - INFO -root : http://finance.china.com.cn/stock/ssgs/20190718/5033086.shtml ...done
2019-07-21 18:25:20,220 - INFO -root : news title: 对洛娃科技审计存违规！中兴华被暂停相关业务6个月
2019-07-21 18:25:20,220 - INFO -root : news link: http://finance.china.com.cn/stock/ssgs/20190718/5033085.shtml
2019-07-21 18:25:20,225 - DEBUG -urllib3.connectionpool : Starting new HTTP connection (1): finance.china.com.cn:80
2019-07-21 18:25:20,422 - DEBUG -urllib3.connectionpool : http://finance.china.com.cn:80 "GET /stock/ssgs/20190718/5033085.shtml HTTP/1.1" 200 None
2019-07-21 18:25:21,482 - INFO -root : http://finance.china.com.cn/stock/ssgs/20190718/5033085.shtml ...done
2019-07-21 18:25:21,482 - INFO -root : news title: 摩恩电气两月内5位董监高辞职 今年总市值已降9亿多
2019-07-21 18:25:21,482 - INFO -root : news link: http://finance.china.com.cn/stock/ssgs/20190718/5033058.shtml
2019-07-21 18:25:21,485 - DEBUG -urllib3.connectionpool : Starting new HTTP connection (1): finance.china.com.cn:80
2019-07-21 18:25:21,680 - DEBUG -urllib3.connectionpool : http://finance.china.com.cn:80 "GET /stock/ssgs/20190718/5033058.shtml HTTP/1.1" 200 None
2019-07-21 18:25:22,727 - INFO -root : http://finance.china.com.cn/stock/ssgs/20190718/5033058.shtml ...done
2019-07-21 18:25:22,732 - INFO -root : news title: 中国中铁旗下项目被监管点名：存变相锁定客户资金等违规行为
2019-07-21 18:25:22,732 - INFO -root : news link: http://finance.china.com.cn/news/20190718/5033056.shtml
2019-07-21 18:25:22,735 - DEBUG -urllib3.connectionpool : Starting new HTTP connection (1): finance.china.com.cn:80
2019-07-21 18:25:22,882 - DEBUG -urllib3.connectionpool : http://finance.china.com.cn:80 "GET /news/20190718/5033056.shtml HTTP/1.1" 200 13644
2019-07-21 18:25:23,489 - INFO -root : http://finance.china.com.cn/news/20190718/5033056.shtml ...done
2019-07-21 18:25:23,496 - INFO -root : news title: 摩恩电气董事兼总经理唐崇健辞职 
2019-07-21 18:25:23,499 - INFO -root : news link: http://finance.china.com.cn/stock/ssgs/20190718/5033023.shtml
2019-07-21 18:25:23,507 - DEBUG -urllib3.connectionpool : Starting new HTTP connection (1): finance.china.com.cn:80
2019-07-21 18:25:23,653 - DEBUG -urllib3.connectionpool : http://finance.china.com.cn:80 "GET /stock/ssgs/20190718/5033023.shtml HTTP/1.1" 200 13441
2019-07-21 18:25:24,238 - INFO -root : http://finance.china.com.cn/stock/ssgs/20190718/5033023.shtml ...done
2019-07-21 18:25:24,245 - INFO -root : news title: 立案调查、公开谴责 *ST长生未按时披露财报被监管盯上
2019-07-21 18:25:24,246 - INFO -root : news link: http://finance.china.com.cn/stock/ssgs/20190718/5033021.shtml
2019-07-21 18:25:24,256 - DEBUG -urllib3.connectionpool : Starting new HTTP connection (1): finance.china.com.cn:80
2019-07-21 18:25:24,400 - DEBUG -urllib3.connectionpool : http://finance.china.com.cn:80 "GET /stock/ssgs/20190718/5033021.shtml HTTP/1.1" 200 13834
2019-07-21 18:25:24,972 - INFO -root : http://finance.china.com.cn/stock/ssgs/20190718/5033021.shtml ...done
2019-07-21 18:25:24,987 - INFO -root : news title: 新纶科技违规担保暗度陈仓 董事长侯毅等4人吃警示函
2019-07-21 18:25:24,987 - INFO -root : news link: http://finance.china.com.cn/stock/ssgs/20190718/5032966.shtml
2019-07-21 18:25:25,002 - DEBUG -urllib3.connectionpool : Starting new HTTP connection (1): finance.china.com.cn:80
2019-07-21 18:25:25,194 - DEBUG -urllib3.connectionpool : http://finance.china.com.cn:80 "GET /stock/ssgs/20190718/5032966.shtml HTTP/1.1" 200 None
2019-07-21 18:25:26,257 - INFO -root : http://finance.china.com.cn/stock/ssgs/20190718/5032966.shtml ...done
2019-07-21 18:25:26,258 - INFO -root : news title: 大族激光被质疑造假 市值蒸发80亿！曾经"买爆"的外资都懵了
2019-07-21 18:25:26,259 - INFO -root : news link: http://finance.china.com.cn/stock/ssgs/20190718/5032926.shtml
2019-07-21 18:25:26,261 - DEBUG -urllib3.connectionpool : Starting new HTTP connection (1): finance.china.com.cn:80
2019-07-21 18:25:26,484 - DEBUG -urllib3.connectionpool : http://finance.china.com.cn:80 "GET /stock/ssgs/20190718/5032926.shtml HTTP/1.1" 200 None
2019-07-21 18:25:27,552 - INFO -root : http://finance.china.com.cn/stock/ssgs/20190718/5032926.shtml ...done
2019-07-21 18:25:27,598 - INFO -root : news title: 康得新更正一季度数据 1.4亿利息费用错填为“收入”
2019-07-21 18:25:27,605 - INFO -root : news link: http://finance.china.com.cn/stock/ssgs/20190718/5032912.shtml
2019-07-21 18:25:27,611 - DEBUG -urllib3.connectionpool : Starting new HTTP connection (1): finance.china.com.cn:80
2019-07-21 18:25:27,803 - DEBUG -urllib3.connectionpool : http://finance.china.com.cn:80 "GET /stock/ssgs/20190718/5032912.shtml HTTP/1.1" 200 None
2019-07-21 18:25:28,838 - INFO -root : http://finance.china.com.cn/stock/ssgs/20190718/5032912.shtml ...done
2019-07-21 18:25:28,838 - INFO -root : news title: 新纶科技及董事长侯毅等四高管收警示函 为3企业贷款违规担保
2019-07-21 18:25:28,838 - INFO -root : news link: http://finance.china.com.cn/news/20190718/5032894.shtml
2019-07-21 18:25:28,840 - DEBUG -urllib3.connectionpool : Starting new HTTP connection (1): finance.china.com.cn:80
2019-07-21 18:25:29,040 - DEBUG -urllib3.connectionpool : http://finance.china.com.cn:80 "GET /news/20190718/5032894.shtml HTTP/1.1" 200 None
2019-07-21 18:25:30,097 - INFO -root : http://finance.china.com.cn/news/20190718/5032894.shtml ...done
2019-07-21 18:25:30,099 - INFO -root : news title: 贵州茅台半年整肃经销商600家 二季北向资金减持凶猛
2019-07-21 18:25:30,100 - INFO -root : news link: http://finance.china.com.cn/stock/ssgs/20190718/5032884.shtml
2019-07-21 18:25:30,103 - DEBUG -urllib3.connectionpool : Starting new HTTP connection (1): finance.china.com.cn:80
2019-07-21 18:25:30,266 - DEBUG -urllib3.connectionpool : http://finance.china.com.cn:80 "GET /stock/ssgs/20190718/5032884.shtml HTTP/1.1" 200 None
2019-07-21 18:25:31,297 - INFO -root : http://finance.china.com.cn/stock/ssgs/20190718/5032884.shtml ...done
2019-07-21 18:25:31,302 - INFO -root : news title: 凯瑞德危局：对三子公司无法行使股东权利 遭60万罚款
2019-07-21 18:25:31,302 - INFO -root : news link: http://finance.china.com.cn/stock/ssgs/20190718/5032855.shtml
2019-07-21 18:25:31,304 - DEBUG -urllib3.connectionpool : Starting new HTTP connection (1): finance.china.com.cn:80
2019-07-21 18:25:31,533 - DEBUG -urllib3.connectionpool : http://finance.china.com.cn:80 "GET /stock/ssgs/20190718/5032855.shtml HTTP/1.1" 200 13990
2019-07-21 18:25:32,113 - INFO -root : http://finance.china.com.cn/stock/ssgs/20190718/5032855.shtml ...done
2019-07-21 18:25:32,114 - INFO -root : news title: 去“王振华”化进行时 新城控股法人已变更为王晓松
2019-07-21 18:25:32,115 - INFO -root : news link: http://finance.china.com.cn/stock/ssgs/20190718/5032854.shtml
2019-07-21 18:25:32,117 - DEBUG -urllib3.connectionpool : Starting new HTTP connection (1): finance.china.com.cn:80
2019-07-21 18:25:32,367 - DEBUG -urllib3.connectionpool : http://finance.china.com.cn:80 "GET /stock/ssgs/20190718/5032854.shtml HTTP/1.1" 200 None
2019-07-21 18:25:33,390 - INFO -root : http://finance.china.com.cn/stock/ssgs/20190718/5032854.shtml ...done
2019-07-21 18:25:33,391 - INFO -root : news title: 茅台上半年日均赚1.1亿 削减经销商近600家
2019-07-21 18:25:33,391 - INFO -root : news link: http://finance.china.com.cn/stock/ssgs/20190718/5032754.shtml
2019-07-21 18:25:33,393 - DEBUG -urllib3.connectionpool : Starting new HTTP connection (1): finance.china.com.cn:80
2019-07-21 18:25:33,561 - DEBUG -urllib3.connectionpool : http://finance.china.com.cn:80 "GET /stock/ssgs/20190718/5032754.shtml HTTP/1.1" 200 None
2019-07-21 18:25:34,690 - INFO -root : http://finance.china.com.cn/stock/ssgs/20190718/5032754.shtml ...done
2019-07-21 18:25:34,695 - INFO -root : news title: 都说白酒业景气 今年首现亏损户
2019-07-21 18:25:34,702 - INFO -root : news link: http://finance.china.com.cn/stock/ssgs/20190718/5032668.shtml
2019-07-21 18:25:34,707 - DEBUG -urllib3.connectionpool : Starting new HTTP connection (1): finance.china.com.cn:80
2019-07-21 18:25:34,922 - DEBUG -urllib3.connectionpool : http://finance.china.com.cn:80 "GET /stock/ssgs/20190718/5032668.shtml HTTP/1.1" 200 14770
2019-07-21 18:25:35,529 - INFO -root : http://finance.china.com.cn/stock/ssgs/20190718/5032668.shtml ...done
2019-07-21 18:25:35,531 - INFO -root : news title: *ST人乐上半年预亏超3000万 控股股东拟转让股权保壳
2019-07-21 18:25:35,536 - INFO -root : news link: http://finance.china.com.cn/stock/ssgs/20190718/5032654.shtml
2019-07-21 18:25:35,539 - DEBUG -urllib3.connectionpool : Starting new HTTP connection (1): finance.china.com.cn:80
2019-07-21 18:25:35,762 - DEBUG -urllib3.connectionpool : http://finance.china.com.cn:80 "GET /stock/ssgs/20190718/5032654.shtml HTTP/1.1" 200 None
2019-07-21 18:25:36,788 - INFO -root : http://finance.china.com.cn/stock/ssgs/20190718/5032654.shtml ...done
2019-07-21 18:25:36,788 - INFO -root : news title: 晶方科技九成利润来自补助 多名重要股东四年套现18亿
2019-07-21 18:25:36,788 - INFO -root : news link: http://finance.china.com.cn/stock/ssgs/20190718/5032649.shtml
2019-07-21 18:25:36,791 - DEBUG -urllib3.connectionpool : Starting new HTTP connection (1): finance.china.com.cn:80
2019-07-21 18:25:37,010 - DEBUG -urllib3.connectionpool : http://finance.china.com.cn:80 "GET /stock/ssgs/20190718/5032649.shtml HTTP/1.1" 200 None
2019-07-21 18:25:38,052 - INFO -root : http://finance.china.com.cn/stock/ssgs/20190718/5032649.shtml ...done
2019-07-21 18:25:38,057 - INFO -root : news title: 大族激光净利预降六成 董事长高云峰已套现11亿
2019-07-21 18:25:38,057 - INFO -root : news link: http://finance.china.com.cn/stock/ssgs/20190718/5032625.shtml
2019-07-21 18:25:38,059 - DEBUG -urllib3.connectionpool : Starting new HTTP connection (1): finance.china.com.cn:80
2019-07-21 18:25:38,213 - DEBUG -urllib3.connectionpool : http://finance.china.com.cn:80 "GET /stock/ssgs/20190718/5032625.shtml HTTP/1.1" 200 None
2019-07-21 18:25:39,276 - INFO -root : http://finance.china.com.cn/stock/ssgs/20190718/5032625.shtml ...done
2019-07-21 18:25:39,284 - INFO -root : news title: 东阿阿胶业绩断崖式下跌折射产业乱象 连续提价刺激过度囤货
2019-07-21 18:25:39,284 - INFO -root : news link: http://finance.china.com.cn/stock/ssgs/20190718/5032480.shtml
2019-07-21 18:25:39,287 - DEBUG -urllib3.connectionpool : Starting new HTTP connection (1): finance.china.com.cn:80
2019-07-21 18:25:39,445 - DEBUG -urllib3.connectionpool : http://finance.china.com.cn:80 "GET /stock/ssgs/20190718/5032480.shtml HTTP/1.1" 200 None
2019-07-21 18:25:40,497 - INFO -root : http://finance.china.com.cn/stock/ssgs/20190718/5032480.shtml ...done
2019-07-21 18:25:40,502 - INFO -root : news title: 实地调查东阿阿胶销售现状：竞争对手低价促销 倒逼渠道变革
2019-07-21 18:25:40,504 - INFO -root : news link: http://finance.china.com.cn/stock/ssgs/20190718/5032465.shtml
2019-07-21 18:25:40,506 - DEBUG -urllib3.connectionpool : Starting new HTTP connection (1): finance.china.com.cn:80
2019-07-21 18:25:40,681 - DEBUG -urllib3.connectionpool : http://finance.china.com.cn:80 "GET /stock/ssgs/20190718/5032465.shtml HTTP/1.1" 200 None
2019-07-21 18:25:41,731 - INFO -root : http://finance.china.com.cn/stock/ssgs/20190718/5032465.shtml ...done
2019-07-21 18:25:41,733 - INFO -root : news title: 历时近3年巨人网络再改收购方案 史玉柱能否如愿
2019-07-21 18:25:41,734 - INFO -root : news link: http://finance.china.com.cn/stock/ssgs/20190718/5032461.shtml
2019-07-21 18:25:41,737 - DEBUG -urllib3.connectionpool : Starting new HTTP connection (1): finance.china.com.cn:80
2019-07-21 18:25:41,908 - DEBUG -urllib3.connectionpool : http://finance.china.com.cn:80 "GET /stock/ssgs/20190718/5032461.shtml HTTP/1.1" 200 None
2019-07-21 18:25:42,972 - INFO -root : http://finance.china.com.cn/stock/ssgs/20190718/5032461.shtml ...done
2019-07-21 18:25:42,972 - INFO -root : news title: 百亿免税城开工4个月才披露拟投资 中国国旅股东大会成摆设？
2019-07-21 18:25:42,972 - INFO -root : news link: http://finance.china.com.cn/stock/ssgs/20190718/5032456.shtml
2019-07-21 18:25:42,974 - DEBUG -urllib3.connectionpool : Starting new HTTP connection (1): finance.china.com.cn:80
2019-07-21 18:25:43,241 - DEBUG -urllib3.connectionpool : http://finance.china.com.cn:80 "GET /stock/ssgs/20190718/5032456.shtml HTTP/1.1" 200 None
2019-07-21 18:25:44,281 - INFO -root : http://finance.china.com.cn/stock/ssgs/20190718/5032456.shtml ...done
2019-07-21 18:25:44,282 - INFO -root : news title: 贵州茅台二季度遭北向资金减持！上半年营收净利增速双双下滑
2019-07-21 18:25:44,282 - INFO -root : news link: http://finance.china.com.cn/stock/ssgs/20190718/5032402.shtml
2019-07-21 18:25:44,285 - DEBUG -urllib3.connectionpool : Starting new HTTP connection (1): finance.china.com.cn:80
2019-07-21 18:25:44,437 - DEBUG -urllib3.connectionpool : http://finance.china.com.cn:80 "GET /stock/ssgs/20190718/5032402.shtml HTTP/1.1" 200 14919
2019-07-21 18:25:45,039 - INFO -root : http://finance.china.com.cn/stock/ssgs/20190718/5032402.shtml ...done
2019-07-21 18:25:45,050 - INFO -root : news title: 陷股票质押式回购交易纠纷 *ST中捷第三大股东过半股份将被拍卖
2019-07-21 18:25:45,052 - INFO -root : news link: http://finance.china.com.cn/stock/ssgs/20190718/5032371.shtml
2019-07-21 18:25:45,055 - DEBUG -urllib3.connectionpool : Starting new HTTP connection (1): finance.china.com.cn:80
2019-07-21 18:25:45,242 - DEBUG -urllib3.connectionpool : http://finance.china.com.cn:80 "GET /stock/ssgs/20190718/5032371.shtml HTTP/1.1" 200 None
2019-07-21 18:25:46,301 - INFO -root : http://finance.china.com.cn/stock/ssgs/20190718/5032371.shtml ...done
2019-07-21 18:25:46,317 - INFO -root : news title: 金科股份回复深交所问询:溢价11倍收购黄红云胞弟公司合理
2019-07-21 18:25:46,330 - INFO -root : news link: http://finance.china.com.cn/news/20190717/5032062.shtml
2019-07-21 18:25:46,333 - DEBUG -urllib3.connectionpool : Starting new HTTP connection (1): finance.china.com.cn:80
2019-07-21 18:25:46,483 - DEBUG -urllib3.connectionpool : http://finance.china.com.cn:80 "GET /news/20190717/5032062.shtml HTTP/1.1" 200 14222
2019-07-21 18:25:47,073 - INFO -root : http://finance.china.com.cn/news/20190717/5032062.shtml ...done
2019-07-21 18:25:47,086 - INFO -root : news title: 山大华特：实控人山东大学拟转让产业集团及所属企业股权
2019-07-21 18:25:47,087 - INFO -root : news link: http://finance.china.com.cn/stock/ssgs/20190717/5032021.shtml
2019-07-21 18:25:47,097 - DEBUG -urllib3.connectionpool : Starting new HTTP connection (1): finance.china.com.cn:80
2019-07-21 18:25:47,243 - DEBUG -urllib3.connectionpool : http://finance.china.com.cn:80 "GET /stock/ssgs/20190717/5032021.shtml HTTP/1.1" 200 13816
2019-07-21 18:25:47,785 - INFO -root : http://finance.china.com.cn/stock/ssgs/20190717/5032021.shtml ...done
2019-07-21 18:25:47,785 - INFO -root : news title: 公司是否为实控人妹夫增资提供资助？华锋股份收关注函
2019-07-21 18:25:47,786 - INFO -root : news link: http://finance.china.com.cn/stock/ssgs/20190717/5032011.shtml
2019-07-21 18:25:47,788 - DEBUG -urllib3.connectionpool : Starting new HTTP connection (1): finance.china.com.cn:80
2019-07-21 18:25:47,906 - DEBUG -urllib3.connectionpool : http://finance.china.com.cn:80 "GET /stock/ssgs/20190717/5032011.shtml HTTP/1.1" 200 14256
2019-07-21 18:25:48,466 - INFO -root : http://finance.china.com.cn/stock/ssgs/20190717/5032011.shtml ...done
2019-07-21 18:25:48,466 - INFO -root : news title: 三六零确认内部信通报 知识产权总监涉嫌受贿被捕
2019-07-21 18:25:48,467 - INFO -root : news link: http://finance.china.com.cn/stock/ssgs/20190717/5032008.shtml
2019-07-21 18:25:48,468 - DEBUG -urllib3.connectionpool : Starting new HTTP connection (1): finance.china.com.cn:80
2019-07-21 18:25:48,636 - DEBUG -urllib3.connectionpool : http://finance.china.com.cn:80 "GET /stock/ssgs/20190717/5032008.shtml HTTP/1.1" 200 None
2019-07-21 18:25:49,681 - INFO -root : http://finance.china.com.cn/stock/ssgs/20190717/5032008.shtml ...done
2019-07-21 18:25:49,681 - INFO -root : news title: 猥亵风波后新城控股止跌反弹涨超6% 股权质押风险降低
2019-07-21 18:25:49,682 - INFO -root : news link: http://finance.china.com.cn/stock/ssgs/20190717/5031978.shtml
2019-07-21 18:25:49,683 - DEBUG -urllib3.connectionpool : Starting new HTTP connection (1): finance.china.com.cn:80
2019-07-21 18:25:49,842 - DEBUG -urllib3.connectionpool : http://finance.china.com.cn:80 "GET /stock/ssgs/20190717/5031978.shtml HTTP/1.1" 200 None
2019-07-21 18:25:50,904 - INFO -root : http://finance.china.com.cn/stock/ssgs/20190717/5031978.shtml ...done
2019-07-21 18:25:50,904 - INFO -root : news title: *ST大控董事长林大光: 将重点向科技创新领域发展
2019-07-21 18:25:50,905 - INFO -root : news link: http://finance.china.com.cn/stock/ssgs/20190717/5031952.shtml
2019-07-21 18:25:50,908 - DEBUG -urllib3.connectionpool : Starting new HTTP connection (1): finance.china.com.cn:80
2019-07-21 18:25:51,091 - DEBUG -urllib3.connectionpool : http://finance.china.com.cn:80 "GET /stock/ssgs/20190717/5031952.shtml HTTP/1.1" 200 None
2019-07-21 18:25:52,155 - INFO -root : http://finance.china.com.cn/stock/ssgs/20190717/5031952.shtml ...done
2019-07-21 18:25:52,155 - INFO -root : news title: 东阿阿胶再跌近6% “药中茅台”靠提价提振业绩不灵了？
2019-07-21 18:25:52,156 - INFO -root : news link: http://finance.china.com.cn/stock/ssgs/20190717/5031927.shtml
2019-07-21 18:25:52,158 - DEBUG -urllib3.connectionpool : Starting new HTTP connection (1): finance.china.com.cn:80
2019-07-21 18:25:52,320 - DEBUG -urllib3.connectionpool : http://finance.china.com.cn:80 "GET /stock/ssgs/20190717/5031927.shtml HTTP/1.1" 200 None
2019-07-21 18:25:54,879 - INFO -root : http://finance.china.com.cn/stock/ssgs/20190717/5031927.shtml ...done
2019-07-21 18:25:54,881 - INFO -root : news title: 这桩史上最大的啤酒IPO黄了 百威亚太宣布终止在香港上市
2019-07-21 18:25:54,883 - INFO -root : news link: http://finance.china.com.cn/stock/ssgs/20190717/5031925.shtml
2019-07-21 18:25:54,886 - DEBUG -urllib3.connectionpool : Starting new HTTP connection (1): finance.china.com.cn:80
2019-07-21 18:25:55,085 - DEBUG -urllib3.connectionpool : http://finance.china.com.cn:80 "GET /stock/ssgs/20190717/5031925.shtml HTTP/1.1" 200 13907
2019-07-21 18:25:55,658 - INFO -root : http://finance.china.com.cn/stock/ssgs/20190717/5031925.shtml ...done
2019-07-21 18:25:55,658 - INFO -root : news title: 人人乐要易主？上市9年亏5年 今年上半年预亏千万元
2019-07-21 18:25:55,659 - INFO -root : news link: http://finance.china.com.cn/roll/20190717/5031882.shtml
2019-07-21 18:25:55,661 - DEBUG -urllib3.connectionpool : Starting new HTTP connection (1): finance.china.com.cn:80
2019-07-21 18:25:55,841 - DEBUG -urllib3.connectionpool : http://finance.china.com.cn:80 "GET /roll/20190717/5031882.shtml HTTP/1.1" 200 None
2019-07-21 18:25:56,868 - INFO -root : http://finance.china.com.cn/roll/20190717/5031882.shtml ...done
2019-07-21 18:25:56,869 - INFO -root : news title: 吴幸光内幕交易索菱股份股票亏损23.27万元 被行政处罚20万元
2019-07-21 18:25:56,869 - INFO -root : news link: http://finance.china.com.cn/news/20190717/5031826.shtml
2019-07-21 18:25:56,871 - DEBUG -urllib3.connectionpool : Starting new HTTP connection (1): finance.china.com.cn:80
2019-07-21 18:25:57,060 - DEBUG -urllib3.connectionpool : http://finance.china.com.cn:80 "GET /news/20190717/5031826.shtml HTTP/1.1" 200 None
2019-07-21 18:25:58,211 - INFO -root : http://finance.china.com.cn/news/20190717/5031826.shtml ...done
2019-07-21 18:25:58,252 - INFO -root : news title: 索菱股份董事长弟弟泄密 知情人内幕交易亏损23万
2019-07-21 18:25:58,254 - INFO -root : news link: http://finance.china.com.cn/stock/ssgs/20190717/5031759.shtml
2019-07-21 18:25:58,261 - DEBUG -urllib3.connectionpool : Starting new HTTP connection (1): finance.china.com.cn:80
2019-07-21 18:25:58,402 - DEBUG -urllib3.connectionpool : http://finance.china.com.cn:80 "GET /stock/ssgs/20190717/5031759.shtml HTTP/1.1" 200 17482
2019-07-21 18:25:58,994 - INFO -root : http://finance.china.com.cn/stock/ssgs/20190717/5031759.shtml ...done
2019-07-21 18:25:58,994 - INFO -root : news title: 东阿阿胶遭遇一字跌停 中金公司下调评级
2019-07-21 18:25:58,994 - INFO -root : news link: http://finance.china.com.cn/stock/ssgs/20190717/5031620.shtml
2019-07-21 18:25:58,996 - DEBUG -urllib3.connectionpool : Starting new HTTP connection (1): finance.china.com.cn:80
2019-07-21 18:25:59,197 - DEBUG -urllib3.connectionpool : http://finance.china.com.cn:80 "GET /stock/ssgs/20190717/5031620.shtml HTTP/1.1" 200 None
2019-07-21 18:26:00,224 - INFO -root : http://finance.china.com.cn/stock/ssgs/20190717/5031620.shtml ...done
2019-07-21 18:26:00,225 - INFO -root : news title: 年报非标 *ST毅达将暂停上市
2019-07-21 18:26:00,225 - INFO -root : news link: http://finance.china.com.cn/stock/ssgs/20190717/5031552.shtml
2019-07-21 18:26:00,227 - DEBUG -urllib3.connectionpool : Starting new HTTP connection (1): finance.china.com.cn:80
2019-07-21 18:26:00,491 - DEBUG -urllib3.connectionpool : http://finance.china.com.cn:80 "GET /stock/ssgs/20190717/5031552.shtml HTTP/1.1" 200 14446
2019-07-21 18:26:01,051 - INFO -root : http://finance.china.com.cn/stock/ssgs/20190717/5031552.shtml ...done
2019-07-21 18:26:01,056 - INFO -root : news title: 克明面业回购计划股价上限低于市场价遭问询
2019-07-21 18:26:01,056 - INFO -root : news link: http://finance.china.com.cn/stock/ssgs/20190717/5031545.shtml
2019-07-21 18:26:01,059 - DEBUG -urllib3.connectionpool : Starting new HTTP connection (1): finance.china.com.cn:80
2019-07-21 18:26:01,282 - DEBUG -urllib3.connectionpool : http://finance.china.com.cn:80 "GET /stock/ssgs/20190717/5031545.shtml HTTP/1.1" 200 None
2019-07-21 18:26:02,304 - INFO -root : http://finance.china.com.cn/stock/ssgs/20190717/5031545.shtml ...done
2019-07-21 18:26:02,340 - INFO -root : req new page of :http://app.finance.china.com.cn/news/column.php?cname=%E4%B8%8A%E5%B8%82%E5%85%AC%E5%8F%B8&p=2
2019-07-21 18:26:02,343 - DEBUG -urllib3.connectionpool : Starting new HTTP connection (1): app.finance.china.com.cn:80
2019-07-21 18:26:03,418 - DEBUG -urllib3.connectionpool : http://app.finance.china.com.cn:80 "GET /news/column.php?cname=%E4%B8%8A%E5%B8%82%E5%85%AC%E5%8F%B8&p=2 HTTP/1.1" 200 7575
2019-07-21 18:26:03,441 - INFO -root : news title: 双林股份4标的爆雷净利预降九成 定增募资失败21亿债务压顶
2019-07-21 18:26:03,442 - INFO -root : news link: http://finance.china.com.cn/stock/ssgs/20190717/5031524.shtml
2019-07-21 18:26:03,443 - DEBUG -urllib3.connectionpool : Starting new HTTP connection (1): finance.china.com.cn:80
2019-07-21 18:26:03,882 - DEBUG -urllib3.connectionpool : http://finance.china.com.cn:80 "GET /stock/ssgs/20190717/5031524.shtml HTTP/1.1" 200 None
2019-07-21 18:26:04,950 - INFO -root : http://finance.china.com.cn/stock/ssgs/20190717/5031524.shtml ...done
2019-07-21 18:26:04,950 - INFO -root : news title: 15家影视公司发布上半年业绩预告 仅1家预增
2019-07-21 18:26:04,951 - INFO -root : news link: http://finance.china.com.cn/stock/ssgs/20190717/5031463.shtml
2019-07-21 18:26:04,953 - DEBUG -urllib3.connectionpool : Starting new HTTP connection (1): finance.china.com.cn:80
2019-07-21 18:26:05,127 - DEBUG -urllib3.connectionpool : http://finance.china.com.cn:80 "GET /stock/ssgs/20190717/5031463.shtml HTTP/1.1" 200 None
2019-07-21 18:26:06,179 - INFO -root : http://finance.china.com.cn/stock/ssgs/20190717/5031463.shtml ...done
2019-07-21 18:26:06,180 - INFO -root : news title: *ST西发两任董事长摊上事儿 中报预亏超3000万元
2019-07-21 18:26:06,182 - INFO -root : news link: http://finance.china.com.cn/stock/ssgs/20190717/5031469.shtml
2019-07-21 18:26:06,184 - DEBUG -urllib3.connectionpool : Starting new HTTP connection (1): finance.china.com.cn:80
2019-07-21 18:26:06,365 - DEBUG -urllib3.connectionpool : http://finance.china.com.cn:80 "GET /stock/ssgs/20190717/5031469.shtml HTTP/1.1" 200 None
2019-07-21 18:26:07,429 - INFO -root : http://finance.china.com.cn/stock/ssgs/20190717/5031469.shtml ...done
2019-07-21 18:26:07,429 - INFO -root : news title: 年内17家东北上市公司易主中 多地国资进进出出
2019-07-21 18:26:07,429 - INFO -root : news link: http://finance.china.com.cn/stock/ssgs/20190717/5031391.shtml
2019-07-21 18:26:07,432 - DEBUG -urllib3.connectionpool : Starting new HTTP connection (1): finance.china.com.cn:80
2019-07-21 18:26:07,600 - DEBUG -urllib3.connectionpool : http://finance.china.com.cn:80 "GET /stock/ssgs/20190717/5031391.shtml HTTP/1.1" 200 None
2019-07-21 18:26:08,679 - INFO -root : http://finance.china.com.cn/stock/ssgs/20190717/5031391.shtml ...done
2019-07-21 18:26:08,680 - INFO -root : news title: 举牌三年！上市公司股东“割肉”清仓离场 还亏了500多万
2019-07-21 18:26:08,680 - INFO -root : news link: http://finance.china.com.cn/stock/ssgs/20190717/5031387.shtml
2019-07-21 18:26:08,682 - DEBUG -urllib3.connectionpool : Starting new HTTP connection (1): finance.china.com.cn:80
2019-07-21 18:26:08,882 - DEBUG -urllib3.connectionpool : http://finance.china.com.cn:80 "GET /stock/ssgs/20190717/5031387.shtml HTTP/1.1" 200 None
2019-07-21 18:26:09,959 - INFO -root : http://finance.china.com.cn/stock/ssgs/20190717/5031387.shtml ...done
2019-07-21 18:26:09,959 - INFO -root : news title: 物流业龙头也踩雷！买了1.6亿私募理财如今无法兑付！
2019-07-21 18:26:09,960 - INFO -root : news link: http://finance.china.com.cn/stock/ssgs/20190717/5031365.shtml
2019-07-21 18:26:09,962 - DEBUG -urllib3.connectionpool : Starting new HTTP connection (1): finance.china.com.cn:80
2019-07-21 18:26:10,446 - DEBUG -urllib3.connectionpool : http://finance.china.com.cn:80 "GET /stock/ssgs/20190717/5031365.shtml HTTP/1.1" 200 None
2019-07-21 18:26:11,470 - INFO -root : http://finance.china.com.cn/stock/ssgs/20190717/5031365.shtml ...done
2019-07-21 18:26:11,470 - INFO -root : news title: 找不到观众？影视公司比惨：他预亏5000万 你亏1亿
2019-07-21 18:26:11,471 - INFO -root : news link: http://finance.china.com.cn/stock/ssgs/20190717/5031433.shtml
2019-07-21 18:26:11,474 - DEBUG -urllib3.connectionpool : Starting new HTTP connection (1): finance.china.com.cn:80
2019-07-21 18:26:11,691 - DEBUG -urllib3.connectionpool : http://finance.china.com.cn:80 "GET /stock/ssgs/20190717/5031433.shtml HTTP/1.1" 200 None
2019-07-21 18:26:12,764 - INFO -root : http://finance.china.com.cn/stock/ssgs/20190717/5031433.shtml ...done
2019-07-21 18:26:12,764 - INFO -root : news title: *ST毅达确定暂停上市 营收为0、员工只剩2人！
2019-07-21 18:26:12,765 - INFO -root : news link: http://finance.china.com.cn/stock/ssgs/20190717/5031355.shtml
2019-07-21 18:26:12,766 - DEBUG -urllib3.connectionpool : Starting new HTTP connection (1): finance.china.com.cn:80
2019-07-21 18:26:13,281 - DEBUG -urllib3.connectionpool : http://finance.china.com.cn:80 "GET /stock/ssgs/20190717/5031355.shtml HTTP/1.1" 200 None
2019-07-21 18:26:14,370 - INFO -root : http://finance.china.com.cn/stock/ssgs/20190717/5031355.shtml ...done
2019-07-21 18:26:14,382 - INFO -root : news title: 中国中冶旗下公司因不规范行为被点名 1天前施工项目出事故
2019-07-21 18:26:14,382 - INFO -root : news link: http://finance.china.com.cn/news/20190717/5031341.shtml
2019-07-21 18:26:14,385 - DEBUG -urllib3.connectionpool : Starting new HTTP connection (1): finance.china.com.cn:80
2019-07-21 18:26:15,485 - DEBUG -urllib3.connectionpool : http://finance.china.com.cn:80 "GET /news/20190717/5031341.shtml HTTP/1.1" 200 13599
2019-07-21 18:26:16,037 - INFO -root : http://finance.china.com.cn/news/20190717/5031341.shtml ...done
2019-07-21 18:26:16,037 - INFO -root : news title: 自导自演？千麦实业回应拉杜蓝乔产品残留：无任何安全风险
2019-07-21 18:26:16,038 - INFO -root : news link: http://finance.china.com.cn/stock/ssgs/20190716/5031041.shtml
2019-07-21 18:26:16,039 - DEBUG -urllib3.connectionpool : Starting new HTTP connection (1): finance.china.com.cn:80
2019-07-21 18:26:16,502 - DEBUG -urllib3.connectionpool : http://finance.china.com.cn:80 "GET /stock/ssgs/20190716/5031041.shtml HTTP/1.1" 200 14043
2019-07-21 18:26:17,072 - INFO -root : http://finance.china.com.cn/stock/ssgs/20190716/5031041.shtml ...done
2019-07-21 18:26:17,073 - INFO -root : news title: 营收为0员工仅2人 *ST毅达19日起股票暂停上市
2019-07-21 18:26:17,075 - INFO -root : news link: http://finance.china.com.cn/stock/ssgs/20190716/5031040.shtml
2019-07-21 18:26:17,078 - DEBUG -urllib3.connectionpool : Starting new HTTP connection (1): finance.china.com.cn:80
2019-07-21 18:26:17,503 - DEBUG -urllib3.connectionpool : http://finance.china.com.cn:80 "GET /stock/ssgs/20190716/5031040.shtml HTTP/1.1" 200 14281
2019-07-21 18:26:18,062 - INFO -root : http://finance.china.com.cn/stock/ssgs/20190716/5031040.shtml ...done
2019-07-21 18:26:18,063 - INFO -root : news title: 金种子酒上半年预计亏损逾3000万元
2019-07-21 18:26:18,065 - INFO -root : news link: http://finance.china.com.cn/stock/ssgs/20190716/5031038.shtml
2019-07-21 18:26:18,068 - DEBUG -urllib3.connectionpool : Starting new HTTP connection (1): finance.china.com.cn:80
2019-07-21 18:26:18,282 - DEBUG -urllib3.connectionpool : http://finance.china.com.cn:80 "GET /stock/ssgs/20190716/5031038.shtml HTTP/1.1" 200 None
2019-07-21 18:26:19,314 - INFO -root : http://finance.china.com.cn/stock/ssgs/20190716/5031038.shtml ...done
2019-07-21 18:26:19,314 - INFO -root : news title: 盈峰环境业绩大涨 一季度末负债近百亿
2019-07-21 18:26:19,314 - INFO -root : news link: http://finance.china.com.cn/stock/ssgs/20190716/5031012.shtml
2019-07-21 18:26:19,316 - DEBUG -urllib3.connectionpool : Starting new HTTP connection (1): finance.china.com.cn:80
2019-07-21 18:26:19,753 - DEBUG -urllib3.connectionpool : http://finance.china.com.cn:80 "GET /stock/ssgs/20190716/5031012.shtml HTTP/1.1" 200 14039
2019-07-21 18:26:20,327 - INFO -root : http://finance.china.com.cn/stock/ssgs/20190716/5031012.shtml ...done
2019-07-21 18:26:20,327 - INFO -root : news title: 又一家A股公司卷入“罗静案” 30亿保理融资吉凶难测
2019-07-21 18:26:20,327 - INFO -root : news link: http://finance.china.com.cn/stock/ssgs/20190716/5030991.shtml
2019-07-21 18:26:20,330 - DEBUG -urllib3.connectionpool : Starting new HTTP connection (1): finance.china.com.cn:80
2019-07-21 18:26:20,531 - DEBUG -urllib3.connectionpool : http://finance.china.com.cn:80 "GET /stock/ssgs/20190716/5030991.shtml HTTP/1.1" 200 None
2019-07-21 18:26:21,558 - INFO -root : http://finance.china.com.cn/stock/ssgs/20190716/5030991.shtml ...done
2019-07-21 18:26:21,559 - INFO -root : news title: 博信股份实控人被刑拘不足一月遭起诉 上市公司监事辞职
2019-07-21 18:26:21,559 - INFO -root : news link: http://finance.china.com.cn/stock/ssgs/20190716/5030858.shtml
2019-07-21 18:26:21,562 - DEBUG -urllib3.connectionpool : Starting new HTTP connection (1): finance.china.com.cn:80
2019-07-21 18:26:21,772 - DEBUG -urllib3.connectionpool : http://finance.china.com.cn:80 "GET /stock/ssgs/20190716/5030858.shtml HTTP/1.1" 200 None
2019-07-21 18:26:22,842 - INFO -root : http://finance.china.com.cn/stock/ssgs/20190716/5030858.shtml ...done
2019-07-21 18:26:22,842 - INFO -root : news title: 法尔胜踩雷！确认子公司与博信股份存在业务往来
2019-07-21 18:26:22,843 - INFO -root : news link: http://finance.china.com.cn/stock/ssgs/20190716/5030776.shtml
2019-07-21 18:26:22,845 - DEBUG -urllib3.connectionpool : Starting new HTTP connection (1): finance.china.com.cn:80
2019-07-21 18:26:23,040 - DEBUG -urllib3.connectionpool : http://finance.china.com.cn:80 "GET /stock/ssgs/20190716/5030776.shtml HTTP/1.1" 200 None
2019-07-21 18:26:24,091 - INFO -root : http://finance.china.com.cn/stock/ssgs/20190716/5030776.shtml ...done
2019-07-21 18:26:24,102 - INFO -root : news title: 住建部发布四川宜宾新能源产业园施工项目消息
2019-07-21 18:26:24,103 - INFO -root : news link: http://finance.china.com.cn/news/20190716/5030750.shtml
2019-07-21 18:26:24,106 - DEBUG -urllib3.connectionpool : Starting new HTTP connection (1): finance.china.com.cn:80
2019-07-21 18:26:24,456 - DEBUG -urllib3.connectionpool : http://finance.china.com.cn:80 "GET /news/20190716/5030750.shtml HTTP/1.1" 200 None
2019-07-21 18:26:25,493 - INFO -root : http://finance.china.com.cn/news/20190716/5030750.shtml ...done
2019-07-21 18:26:25,494 - INFO -root : news title: 十个月被ST 丰山集团复产无时间表
2019-07-21 18:26:25,494 - INFO -root : news link: http://finance.china.com.cn/stock/ssgs/20190716/5030712.shtml
2019-07-21 18:26:25,496 - DEBUG -urllib3.connectionpool : Starting new HTTP connection (1): finance.china.com.cn:80
2019-07-21 18:26:25,721 - DEBUG -urllib3.connectionpool : http://finance.china.com.cn:80 "GET /stock/ssgs/20190716/5030712.shtml HTTP/1.1" 200 None
2019-07-21 18:26:26,742 - INFO -root : http://finance.china.com.cn/stock/ssgs/20190716/5030712.shtml ...done
2019-07-21 18:26:26,742 - INFO -root : news title: ST丰山复牌跌停 今起被实施其他风险警示
2019-07-21 18:26:26,742 - INFO -root : news link: http://finance.china.com.cn/stock/ssgs/20190716/5030695.shtml
2019-07-21 18:26:26,746 - DEBUG -urllib3.connectionpool : Starting new HTTP connection (1): finance.china.com.cn:80
2019-07-21 18:26:26,922 - DEBUG -urllib3.connectionpool : http://finance.china.com.cn:80 "GET /stock/ssgs/20190716/5030695.shtml HTTP/1.1" 200 None
2019-07-21 18:26:27,945 - INFO -root : http://finance.china.com.cn/stock/ssgs/20190716/5030695.shtml ...done
2019-07-21 18:26:27,946 - INFO -root : news title: 影视业半年报：华谊兄弟亏得最凶 完美世界赚得最多
2019-07-21 18:26:27,946 - INFO -root : news link: http://finance.china.com.cn/stock/ssgs/20190716/5030629.shtml
2019-07-21 18:26:27,948 - DEBUG -urllib3.connectionpool : Starting new HTTP connection (1): finance.china.com.cn:80
2019-07-21 18:26:28,270 - DEBUG -urllib3.connectionpool : http://finance.china.com.cn:80 "GET /stock/ssgs/20190716/5030629.shtml HTTP/1.1" 200 None
2019-07-21 18:26:29,292 - INFO -root : http://finance.china.com.cn/stock/ssgs/20190716/5030629.shtml ...done
2019-07-21 18:26:29,292 - INFO -root : news title: A股史上最快ST？上市未满一年 丰山集团戴帽
2019-07-21 18:26:29,293 - INFO -root : news link: http://finance.china.com.cn/stock/ssgs/20190716/5030628.shtml
2019-07-21 18:26:29,295 - DEBUG -urllib3.connectionpool : Starting new HTTP connection (1): finance.china.com.cn:80
2019-07-21 18:26:29,610 - DEBUG -urllib3.connectionpool : http://finance.china.com.cn:80 "GET /stock/ssgs/20190716/5030628.shtml HTTP/1.1" 200 None
2019-07-21 18:26:30,670 - INFO -root : http://finance.china.com.cn/stock/ssgs/20190716/5030628.shtml ...done
2019-07-21 18:26:30,671 - INFO -root : news title: 上市公司高管又出事！年薪43万的总经理涉嫌酒驾
2019-07-21 18:26:30,671 - INFO -root : news link: http://finance.china.com.cn/stock/ssgs/20190716/5030624.shtml
2019-07-21 18:26:30,674 - DEBUG -urllib3.connectionpool : Starting new HTTP connection (1): finance.china.com.cn:80
2019-07-21 18:26:31,085 - DEBUG -urllib3.connectionpool : http://finance.china.com.cn:80 "GET /stock/ssgs/20190716/5030624.shtml HTTP/1.1" 200 15818
2019-07-21 18:26:31,633 - INFO -root : http://finance.china.com.cn/stock/ssgs/20190716/5030624.shtml ...done
2019-07-21 18:26:31,633 - INFO -root : news title: 东阿阿胶业绩滑铁卢背后：屡次提价成 “罪魁祸首”
2019-07-21 18:26:31,634 - INFO -root : news link: http://finance.china.com.cn/stock/ssgs/20190716/5030562.shtml
2019-07-21 18:26:31,636 - DEBUG -urllib3.connectionpool : Starting new HTTP connection (1): finance.china.com.cn:80
2019-07-21 18:26:31,861 - DEBUG -urllib3.connectionpool : http://finance.china.com.cn:80 "GET /stock/ssgs/20190716/5030562.shtml HTTP/1.1" 200 None
2019-07-21 18:26:32,912 - INFO -root : http://finance.china.com.cn/stock/ssgs/20190716/5030562.shtml ...done
2019-07-21 18:26:32,912 - INFO -root : news title: 东阿阿胶业绩大降背后：应收账款骤增 提价效用递减
2019-07-21 18:26:32,913 - INFO -root : news link: http://finance.china.com.cn/stock/ssgs/20190716/5030551.shtml
2019-07-21 18:26:32,915 - DEBUG -urllib3.connectionpool : Starting new HTTP connection (1): finance.china.com.cn:80
2019-07-21 18:26:33,122 - DEBUG -urllib3.connectionpool : http://finance.china.com.cn:80 "GET /stock/ssgs/20190716/5030551.shtml HTTP/1.1" 200 None
2019-07-21 18:26:34,163 - INFO -root : http://finance.china.com.cn/stock/ssgs/20190716/5030551.shtml ...done
2019-07-21 18:26:34,164 - INFO -root : news title: 吉宏股份实控人拟转让8.98%股份 赣州国资持股比例将升至18.73%
2019-07-21 18:26:34,165 - INFO -root : news link: http://finance.china.com.cn/stock/ssgs/20190716/5030547.shtml
2019-07-21 18:26:34,167 - DEBUG -urllib3.connectionpool : Starting new HTTP connection (1): finance.china.com.cn:80
2019-07-21 18:26:34,321 - DEBUG -urllib3.connectionpool : http://finance.china.com.cn:80 "GET /stock/ssgs/20190716/5030547.shtml HTTP/1.1" 200 None
2019-07-21 18:26:35,403 - INFO -root : http://finance.china.com.cn/stock/ssgs/20190716/5030547.shtml ...done
2019-07-21 18:26:35,403 - INFO -root : news title: 易主盛达集团3个月减亏 *ST皇台仍存退市风险
2019-07-21 18:26:35,404 - INFO -root : news link: http://finance.china.com.cn/stock/ssgs/20190716/5030507.shtml
2019-07-21 18:26:35,406 - DEBUG -urllib3.connectionpool : Starting new HTTP connection (1): finance.china.com.cn:80
2019-07-21 18:26:35,613 - DEBUG -urllib3.connectionpool : http://finance.china.com.cn:80 "GET /stock/ssgs/20190716/5030507.shtml HTTP/1.1" 200 None
2019-07-21 18:26:36,694 - INFO -root : http://finance.china.com.cn/stock/ssgs/20190716/5030507.shtml ...done
2019-07-21 18:26:36,695 - INFO -root : news title: 影视股最冷盛夏：16公司8成净利下降 华谊预计亏3亿
2019-07-21 18:26:36,699 - INFO -root : news link: http://finance.china.com.cn/stock/ssgs/20190716/5030503.shtml
2019-07-21 18:26:36,703 - DEBUG -urllib3.connectionpool : Starting new HTTP connection (1): finance.china.com.cn:80
2019-07-21 18:26:36,905 - DEBUG -urllib3.connectionpool : http://finance.china.com.cn:80 "GET /stock/ssgs/20190716/5030503.shtml HTTP/1.1" 200 None
2019-07-21 18:26:37,947 - INFO -root : http://finance.china.com.cn/stock/ssgs/20190716/5030503.shtml ...done
2019-07-21 18:26:37,947 - INFO -root : news title: 白马股中报首雷：东阿阿胶二季度亏损
2019-07-21 18:26:37,948 - INFO -root : news link: http://finance.china.com.cn/stock/ssgs/20190716/5030481.shtml
2019-07-21 18:26:37,950 - DEBUG -urllib3.connectionpool : Starting new HTTP connection (1): finance.china.com.cn:80
2019-07-21 18:26:38,162 - DEBUG -urllib3.connectionpool : http://finance.china.com.cn:80 "GET /stock/ssgs/20190716/5030481.shtml HTTP/1.1" 200 None
2019-07-21 18:26:39,191 - INFO -root : http://finance.china.com.cn/stock/ssgs/20190716/5030481.shtml ...done
2019-07-21 18:26:39,192 - INFO -root : news title: 25亿市值没了！东阿阿胶高层紧急打气：还会有第二轮十年高成长
2019-07-21 18:26:39,193 - INFO -root : news link: http://finance.china.com.cn/stock/ssgs/20190716/5030457.shtml
2019-07-21 18:26:39,197 - DEBUG -urllib3.connectionpool : Starting new HTTP connection (1): finance.china.com.cn:80
2019-07-21 18:26:39,446 - DEBUG -urllib3.connectionpool : http://finance.china.com.cn:80 "GET /stock/ssgs/20190716/5030457.shtml HTTP/1.1" 200 14897
2019-07-21 18:26:40,045 - INFO -root : http://finance.china.com.cn/stock/ssgs/20190716/5030457.shtml ...done
2019-07-21 18:26:40,046 - INFO -root : news title: 丰山集团停产车间营收占比过半 上市10个月即被ST
2019-07-21 18:26:40,046 - INFO -root : news link: http://finance.china.com.cn/stock/ssgs/20190716/5030455.shtml
2019-07-21 18:26:40,048 - DEBUG -urllib3.connectionpool : Starting new HTTP connection (1): finance.china.com.cn:80
2019-07-21 18:26:40,245 - DEBUG -urllib3.connectionpool : http://finance.china.com.cn:80 "GET /stock/ssgs/20190716/5030455.shtml HTTP/1.1" 200 None
2019-07-21 18:26:41,260 - INFO -root : http://finance.china.com.cn/stock/ssgs/20190716/5030455.shtml ...done
2019-07-21 18:26:41,260 - INFO -root : news title: 阳光城2019上半年净利润14.48亿元 同比增长逾40%
2019-07-21 18:26:41,261 - INFO -root : news link: http://finance.china.com.cn/news/20190716/5030434.shtml
2019-07-21 18:26:41,262 - DEBUG -urllib3.connectionpool : Starting new HTTP connection (1): finance.china.com.cn:80
2019-07-21 18:26:41,761 - DEBUG -urllib3.connectionpool : http://finance.china.com.cn:80 "GET /news/20190716/5030434.shtml HTTP/1.1" 200 None
2019-07-21 18:26:42,803 - INFO -root : http://finance.china.com.cn/news/20190716/5030434.shtml ...done
2019-07-21 18:26:42,804 - INFO -root : news title: 大理药业净利润连降四年剩1成 投行中信证券赚4000万
2019-07-21 18:26:42,804 - INFO -root : news link: http://finance.china.com.cn/stock/ssgs/20190716/5030427.shtml
2019-07-21 18:26:42,806 - DEBUG -urllib3.connectionpool : Starting new HTTP connection (1): finance.china.com.cn:80
2019-07-21 18:26:42,981 - DEBUG -urllib3.connectionpool : http://finance.china.com.cn:80 "GET /stock/ssgs/20190716/5030427.shtml HTTP/1.1" 200 None
2019-07-21 18:26:44,049 - INFO -root : http://finance.china.com.cn/stock/ssgs/20190716/5030427.shtml ...done
2019-07-21 18:26:44,069 - INFO -root : news title: 茂业商业出售全部优衣购股权 商誉达12亿四年攀升近70倍
2019-07-21 18:26:44,069 - INFO -root : news link: http://finance.china.com.cn/stock/ssgs/20190716/5030446.shtml
2019-07-21 18:26:44,085 - DEBUG -urllib3.connectionpool : Starting new HTTP connection (1): finance.china.com.cn:80
2019-07-21 18:26:44,410 - DEBUG -urllib3.connectionpool : http://finance.china.com.cn:80 "GET /stock/ssgs/20190716/5030446.shtml HTTP/1.1" 200 None
2019-07-21 18:26:45,468 - INFO -root : http://finance.china.com.cn/stock/ssgs/20190716/5030446.shtml ...done
2019-07-21 18:26:45,469 - INFO -root : news title: 再陷34亿“巨坑” 诺亚财富缘何成踩雷专业户
2019-07-21 18:26:45,469 - INFO -root : news link: http://finance.china.com.cn/stock/ssgs/20190716/5030398.shtml
2019-07-21 18:26:45,471 - DEBUG -urllib3.connectionpool : Starting new HTTP connection (1): finance.china.com.cn:80
2019-07-21 18:26:45,807 - DEBUG -urllib3.connectionpool : http://finance.china.com.cn:80 "GET /stock/ssgs/20190716/5030398.shtml HTTP/1.1" 200 None
2019-07-21 18:26:46,841 - INFO -root : http://finance.china.com.cn/stock/ssgs/20190716/5030398.shtml ...done
2019-07-21 18:26:46,841 - INFO -root : news title: 6亿收购款引发内斗 文化长城矛盾重重
2019-07-21 18:26:46,842 - INFO -root : news link: http://finance.china.com.cn/stock/ssgs/20190716/5030407.shtml
2019-07-21 18:26:46,844 - DEBUG -urllib3.connectionpool : Starting new HTTP connection (1): finance.china.com.cn:80
2019-07-21 18:26:47,001 - DEBUG -urllib3.connectionpool : http://finance.china.com.cn:80 "GET /stock/ssgs/20190716/5030407.shtml HTTP/1.1" 200 None
2019-07-21 18:26:48,058 - INFO -root : http://finance.china.com.cn/stock/ssgs/20190716/5030407.shtml ...done
2019-07-21 18:26:48,058 - INFO -root : news title: 该谁买单 华昌达陷两亿元债务罗生门
2019-07-21 18:26:48,060 - INFO -root : news link: http://finance.china.com.cn/stock/ssgs/20190716/5030280.shtml
2019-07-21 18:26:48,062 - DEBUG -urllib3.connectionpool : Starting new HTTP connection (1): finance.china.com.cn:80
2019-07-21 18:26:48,526 - DEBUG -urllib3.connectionpool : http://finance.china.com.cn:80 "GET /stock/ssgs/20190716/5030280.shtml HTTP/1.1" 200 None
2019-07-21 18:26:49,592 - INFO -root : http://finance.china.com.cn/stock/ssgs/20190716/5030280.shtml ...done
2019-07-21 18:26:49,592 - INFO -root : news title: 被罚60万VS退税250万 圣莱达造假还能“赚钱”？
2019-07-21 18:26:49,593 - INFO -root : news link: http://finance.china.com.cn/stock/ssgs/20190716/5030228.shtml
2019-07-21 18:26:49,595 - DEBUG -urllib3.connectionpool : Starting new HTTP connection (1): finance.china.com.cn:80
2019-07-21 18:26:49,761 - DEBUG -urllib3.connectionpool : http://finance.china.com.cn:80 "GET /stock/ssgs/20190716/5030228.shtml HTTP/1.1" 200 None
2019-07-21 18:26:50,804 - INFO -root : http://finance.china.com.cn/stock/ssgs/20190716/5030228.shtml ...done
2019-07-21 18:26:50,805 - INFO -root : news title: 《流浪地球》收入未确认 北京文化上半年预亏
2019-07-21 18:26:50,805 - INFO -root : news link: http://finance.china.com.cn/stock/ssgs/20190716/5030226.shtml
2019-07-21 18:26:50,807 - DEBUG -urllib3.connectionpool : Starting new HTTP connection (1): finance.china.com.cn:80
2019-07-21 18:26:51,004 - DEBUG -urllib3.connectionpool : http://finance.china.com.cn:80 "GET /stock/ssgs/20190716/5030226.shtml HTTP/1.1" 200 None
2019-07-21 18:26:52,068 - INFO -root : http://finance.china.com.cn/stock/ssgs/20190716/5030226.shtml ...done
2019-07-21 18:26:52,072 - INFO -root : news title: 锦浪科技等6股刚上市业绩即“变脸” 下滑原因不一
2019-07-21 18:26:52,072 - INFO -root : news link: http://finance.china.com.cn/stock/ssgs/20190716/5030244.shtml
2019-07-21 18:26:52,074 - DEBUG -urllib3.connectionpool : Starting new HTTP connection (1): finance.china.com.cn:80
2019-07-21 18:26:52,406 - DEBUG -urllib3.connectionpool : http://finance.china.com.cn:80 "GET /stock/ssgs/20190716/5030244.shtml HTTP/1.1" 200 None
2019-07-21 18:26:53,485 - INFO -root : http://finance.china.com.cn/stock/ssgs/20190716/5030244.shtml ...done
2019-07-21 18:26:53,486 - INFO -root : news title: 中国中冶施工项目发生事故 旗下公司青岛招标资格曾被暂停
2019-07-21 18:26:53,486 - INFO -root : news link: http://finance.china.com.cn/news/20190716/5030191.shtml
2019-07-21 18:26:53,489 - DEBUG -urllib3.connectionpool : Starting new HTTP connection (1): finance.china.com.cn:80
2019-07-21 18:26:53,763 - DEBUG -urllib3.connectionpool : http://finance.china.com.cn:80 "GET /news/20190716/5030191.shtml HTTP/1.1" 200 13623
2019-07-21 18:26:54,327 - INFO -root : http://finance.china.com.cn/news/20190716/5030191.shtml ...done
2019-07-21 18:26:54,328 - INFO -root : news title: 订单下滑连年亏 圣莱达卖小家电资产“止血”
2019-07-21 18:26:54,329 - INFO -root : news link: http://finance.china.com.cn/stock/ssgs/20190716/5030209.shtml
2019-07-21 18:26:54,331 - DEBUG -urllib3.connectionpool : Starting new HTTP connection (1): finance.china.com.cn:80
2019-07-21 18:26:54,630 - DEBUG -urllib3.connectionpool : http://finance.china.com.cn:80 "GET /stock/ssgs/20190716/5030209.shtml HTTP/1.1" 200 None
2019-07-21 18:26:55,696 - INFO -root : http://finance.china.com.cn/stock/ssgs/20190716/5030209.shtml ...done
2019-07-21 18:26:55,697 - INFO -root : news title: 财务造假还“赚钱” 圣莱达神操作还有哪些
2019-07-21 18:26:55,697 - INFO -root : news link: http://finance.china.com.cn/stock/ssgs/20190716/5029969.shtml
2019-07-21 18:26:55,699 - DEBUG -urllib3.connectionpool : Starting new HTTP connection (1): finance.china.com.cn:80
2019-07-21 18:26:55,923 - DEBUG -urllib3.connectionpool : http://finance.china.com.cn:80 "GET /stock/ssgs/20190716/5029969.shtml HTTP/1.1" 200 None
2019-07-21 18:26:56,951 - INFO -root : http://finance.china.com.cn/stock/ssgs/20190716/5029969.shtml ...done
2019-07-21 18:26:56,951 - INFO -root : news title: 东阿阿胶“骑驴难下”：净利大跌70%背后18次提价
2019-07-21 18:26:56,951 - INFO -root : news link: http://finance.china.com.cn/stock/ssgs/20190715/5029944.shtml
2019-07-21 18:26:56,953 - DEBUG -urllib3.connectionpool : Starting new HTTP connection (1): finance.china.com.cn:80
2019-07-21 18:26:57,222 - DEBUG -urllib3.connectionpool : http://finance.china.com.cn:80 "GET /stock/ssgs/20190715/5029944.shtml HTTP/1.1" 200 17490
2019-07-21 18:26:57,788 - INFO -root : http://finance.china.com.cn/stock/ssgs/20190715/5029944.shtml ...done
2019-07-21 18:26:57,788 - INFO -root : news title: 新城控股危机时刻：王晓松上台首发声 邀合作商站台维稳
2019-07-21 18:26:57,788 - INFO -root : news link: http://finance.china.com.cn/stock/ssgs/20190715/5029941.shtml
2019-07-21 18:26:57,790 - DEBUG -urllib3.connectionpool : Starting new HTTP connection (1): finance.china.com.cn:80
2019-07-21 18:26:57,969 - DEBUG -urllib3.connectionpool : http://finance.china.com.cn:80 "GET /stock/ssgs/20190715/5029941.shtml HTTP/1.1" 200 None
2019-07-21 18:26:59,036 - INFO -root : http://finance.china.com.cn/stock/ssgs/20190715/5029941.shtml ...done
2019-07-21 18:26:59,036 - INFO -root : news title: 康得新上半年最多预亏7.65亿 再现中期票据违约
2019-07-21 18:26:59,038 - INFO -root : news link: http://finance.china.com.cn/stock/ssgs/20190715/5029940.shtml
2019-07-21 18:26:59,048 - DEBUG -urllib3.connectionpool : Starting new HTTP connection (1): finance.china.com.cn:80
2019-07-21 18:26:59,362 - DEBUG -urllib3.connectionpool : http://finance.china.com.cn:80 "GET /stock/ssgs/20190715/5029940.shtml HTTP/1.1" 200 None
2019-07-21 18:27:00,393 - INFO -root : http://finance.china.com.cn/stock/ssgs/20190715/5029940.shtml ...done
2019-07-21 18:27:00,393 - INFO -root : news title: 大美游轮明日复牌 曾因重大事项泄密停牌
2019-07-21 18:27:00,393 - INFO -root : news link: http://finance.china.com.cn/stock/ssgs/20190715/5029937.shtml
2019-07-21 18:27:00,395 - DEBUG -urllib3.connectionpool : Starting new HTTP connection (1): finance.china.com.cn:80
2019-07-21 18:27:00,723 - DEBUG -urllib3.connectionpool : http://finance.china.com.cn:80 "GET /stock/ssgs/20190715/5029937.shtml HTTP/1.1" 200 None
2019-07-21 18:27:01,780 - INFO -root : http://finance.china.com.cn/stock/ssgs/20190715/5029937.shtml ...done
2019-07-21 18:27:01,781 - INFO -root : news title: 蒋锦志和他的百亿景林究竟怎么了？等明天沟通会揭开真相
2019-07-21 18:27:01,781 - INFO -root : news link: http://finance.china.com.cn/stock/ssgs/20190715/5029919.shtml
2019-07-21 18:27:01,783 - DEBUG -urllib3.connectionpool : Starting new HTTP connection (1): finance.china.com.cn:80
2019-07-21 18:27:01,974 - DEBUG -urllib3.connectionpool : http://finance.china.com.cn:80 "GET /stock/ssgs/20190715/5029919.shtml HTTP/1.1" 200 None
2019-07-21 18:27:02,991 - INFO -root : http://finance.china.com.cn/stock/ssgs/20190715/5029919.shtml ...done
2019-07-21 18:27:02,992 - INFO -root : news title: 上市10个月被ST 丰山集团：暂不能给出准确复产时间
2019-07-21 18:27:02,992 - INFO -root : news link: http://finance.china.com.cn/stock/ssgs/20190715/5029915.shtml
2019-07-21 18:27:02,994 - DEBUG -urllib3.connectionpool : Starting new HTTP connection (1): finance.china.com.cn:80
2019-07-21 18:27:03,210 - DEBUG -urllib3.connectionpool : http://finance.china.com.cn:80 "GET /stock/ssgs/20190715/5029915.shtml HTTP/1.1" 200 None
2019-07-21 18:27:04,225 - INFO -root : http://finance.china.com.cn/stock/ssgs/20190715/5029915.shtml ...done
2019-07-21 18:27:04,226 - INFO -root : news title: 高云翔、董璇再传离婚 风波未过唐德市值已蒸发50亿
2019-07-21 18:27:04,227 - INFO -root : news link: http://finance.china.com.cn/stock/ssgs/20190715/5029884.shtml
2019-07-21 18:27:04,229 - DEBUG -urllib3.connectionpool : Starting new HTTP connection (1): finance.china.com.cn:80
2019-07-21 18:27:04,460 - DEBUG -urllib3.connectionpool : http://finance.china.com.cn:80 "GET /stock/ssgs/20190715/5029884.shtml HTTP/1.1" 200 None
2019-07-21 18:27:05,475 - INFO -root : http://finance.china.com.cn/stock/ssgs/20190715/5029884.shtml ...done
2019-07-21 18:27:05,475 - INFO -root : news title: 东阿阿胶跌停背后：连年提价、库存增加、业绩已暴跌
2019-07-21 18:27:05,476 - INFO -root : news link: http://finance.china.com.cn/stock/ssgs/20190715/5029869.shtml
2019-07-21 18:27:05,480 - DEBUG -urllib3.connectionpool : Starting new HTTP connection (1): finance.china.com.cn:80
2019-07-21 18:27:05,641 - DEBUG -urllib3.connectionpool : http://finance.china.com.cn:80 "GET /stock/ssgs/20190715/5029869.shtml HTTP/1.1" 200 None
2019-07-21 18:27:06,681 - INFO -root : http://finance.china.com.cn/stock/ssgs/20190715/5029869.shtml ...done
2019-07-21 18:27:06,682 - INFO -root : news title: 深交所：对浙江步森服饰原实控人徐茂栋公开谴责
2019-07-21 18:27:06,682 - INFO -root : news link: http://finance.china.com.cn/stock/ssgs/20190715/5029867.shtml
2019-07-21 18:27:06,684 - DEBUG -urllib3.connectionpool : Starting new HTTP connection (1): finance.china.com.cn:80
2019-07-21 18:27:06,882 - DEBUG -urllib3.connectionpool : http://finance.china.com.cn:80 "GET /stock/ssgs/20190715/5029867.shtml HTTP/1.1" 200 None
2019-07-21 18:27:07,928 - INFO -root : http://finance.china.com.cn/stock/ssgs/20190715/5029867.shtml ...done
2019-07-21 18:27:07,935 - INFO -root : news title: 容大感光拟收购高仕电研 后者承诺三年净利超4500万
2019-07-21 18:27:07,938 - INFO -root : news link: http://finance.china.com.cn/stock/ssgs/20190715/5029823.shtml
2019-07-21 18:27:07,941 - DEBUG -urllib3.connectionpool : Starting new HTTP connection (1): finance.china.com.cn:80
2019-07-21 18:27:08,146 - DEBUG -urllib3.connectionpool : http://finance.china.com.cn:80 "GET /stock/ssgs/20190715/5029823.shtml HTTP/1.1" 200 None
2019-07-21 18:27:09,192 - INFO -root : http://finance.china.com.cn/stock/ssgs/20190715/5029823.shtml ...done
2019-07-21 18:27:09,193 - INFO -root : news title: 中报业绩炸雷 "药中茅台"盈利暴跌近80%
2019-07-21 18:27:09,197 - INFO -root : news link: http://finance.china.com.cn/stock/ssgs/20190715/5029791.shtml
2019-07-21 18:27:09,205 - DEBUG -urllib3.connectionpool : Starting new HTTP connection (1): finance.china.com.cn:80
2019-07-21 18:27:09,442 - DEBUG -urllib3.connectionpool : http://finance.china.com.cn:80 "GET /stock/ssgs/20190715/5029791.shtml HTTP/1.1" 200 None
2019-07-21 18:27:10,497 - INFO -root : http://finance.china.com.cn/stock/ssgs/20190715/5029791.shtml ...done
2019-07-21 18:27:10,498 - INFO -root : news title: 丰山集团上市不到10个月就被“ST”：检修停工超过三个月
2019-07-21 18:27:10,498 - INFO -root : news link: http://finance.china.com.cn/stock/ssgs/20190715/5029721.shtml
2019-07-21 18:27:10,501 - DEBUG -urllib3.connectionpool : Starting new HTTP connection (1): finance.china.com.cn:80
2019-07-21 18:27:10,682 - DEBUG -urllib3.connectionpool : http://finance.china.com.cn:80 "GET /stock/ssgs/20190715/5029721.shtml HTTP/1.1" 200 None
2019-07-21 18:27:11,733 - INFO -root : http://finance.china.com.cn/stock/ssgs/20190715/5029721.shtml ...done
2019-07-21 18:27:11,734 - INFO -root : news title: 业绩12连增告一段落 东阿阿胶半年报净利下滑逾七成
2019-07-21 18:27:11,735 - INFO -root : news link: http://finance.china.com.cn/stock/ssgs/20190715/5029700.shtml
2019-07-21 18:27:11,737 - DEBUG -urllib3.connectionpool : Starting new HTTP connection (1): finance.china.com.cn:80
2019-07-21 18:27:11,924 - DEBUG -urllib3.connectionpool : http://finance.china.com.cn:80 "GET /stock/ssgs/20190715/5029700.shtml HTTP/1.1" 200 None
2019-07-21 18:27:12,968 - INFO -root : http://finance.china.com.cn/stock/ssgs/20190715/5029700.shtml ...done
2019-07-21 18:27:12,968 - INFO -root : news title: 上半年净利大涨背后 宁德时代迎补贴退坡和保护结束考验
2019-07-21 18:27:12,969 - INFO -root : news link: http://finance.china.com.cn/stock/ssgs/20190715/5029691.shtml
2019-07-21 18:27:12,970 - DEBUG -urllib3.connectionpool : Starting new HTTP connection (1): finance.china.com.cn:80
2019-07-21 18:27:13,162 - DEBUG -urllib3.connectionpool : http://finance.china.com.cn:80 "GET /stock/ssgs/20190715/5029691.shtml HTTP/1.1" 200 None
2019-07-21 18:27:14,171 - INFO -root : http://finance.china.com.cn/stock/ssgs/20190715/5029691.shtml ...done
2019-07-21 18:27:14,171 - INFO -root : news title: 东阿阿胶业绩见光死跌停 3个月内中金两喊目标价50元
2019-07-21 18:27:14,174 - INFO -root : news link: http://finance.china.com.cn/stock/ssgs/20190715/5029688.shtml
2019-07-21 18:27:14,176 - DEBUG -urllib3.connectionpool : Starting new HTTP connection (1): finance.china.com.cn:80
2019-07-21 18:27:14,377 - DEBUG -urllib3.connectionpool : http://finance.china.com.cn:80 "GET /stock/ssgs/20190715/5029688.shtml HTTP/1.1" 200 13662
2019-07-21 18:27:14,921 - INFO -root : http://finance.china.com.cn/stock/ssgs/20190715/5029688.shtml ...done
2019-07-21 18:27:14,922 - INFO -root : news title: 东阿阿胶业绩见光死跌停 3个月内中金两喊目标价50元
2019-07-21 18:27:14,922 - INFO -root : news link: http://finance.china.com.cn/stock/ssgs/20190715/5029680.shtml
2019-07-21 18:27:14,925 - DEBUG -urllib3.connectionpool : Starting new HTTP connection (1): finance.china.com.cn:80
2019-07-21 18:27:15,150 - DEBUG -urllib3.connectionpool : http://finance.china.com.cn:80 "GET /stock/ssgs/20190715/5029680.shtml HTTP/1.1" 200 None
2019-07-21 18:27:16,204 - INFO -root : http://finance.china.com.cn/stock/ssgs/20190715/5029680.shtml ...done
2019-07-21 18:27:16,206 - INFO -root : news title: 半年预亏过亿 贝因美重生有点难
2019-07-21 18:27:16,206 - INFO -root : news link: http://finance.china.com.cn/stock/ssgs/20190715/5029675.shtml
2019-07-21 18:27:16,210 - DEBUG -urllib3.connectionpool : Starting new HTTP connection (1): finance.china.com.cn:80
2019-07-21 18:27:16,561 - DEBUG -urllib3.connectionpool : http://finance.china.com.cn:80 "GET /stock/ssgs/20190715/5029675.shtml HTTP/1.1" 200 None
2019-07-21 18:27:17,592 - INFO -root : http://finance.china.com.cn/stock/ssgs/20190715/5029675.shtml ...done
2019-07-21 18:27:17,592 - INFO -root : news title: 上半年业绩降幅超75% 东阿阿胶跌停市值缩水25亿
2019-07-21 18:27:17,593 - INFO -root : news link: http://finance.china.com.cn/stock/ssgs/20190715/5029604.shtml
2019-07-21 18:27:17,595 - DEBUG -urllib3.connectionpool : Starting new HTTP connection (1): finance.china.com.cn:80
2019-07-21 18:27:17,924 - DEBUG -urllib3.connectionpool : http://finance.china.com.cn:80 "GET /stock/ssgs/20190715/5029604.shtml HTTP/1.1" 200 None
2019-07-21 18:27:18,987 - INFO -root : http://finance.china.com.cn/stock/ssgs/20190715/5029604.shtml ...done
2019-07-21 18:27:19,069 - INFO -root : req new page of :http://app.finance.china.com.cn/news/column.php?cname=上市公司&p=3
2019-07-21 18:27:19,077 - DEBUG -urllib3.connectionpool : Starting new HTTP connection (1): app.finance.china.com.cn:80
2019-07-21 18:27:20,128 - DEBUG -urllib3.connectionpool : http://app.finance.china.com.cn:80 "GET /news/column.php?cname=%E4%B8%8A%E5%B8%82%E5%85%AC%E5%8F%B8&p=3 HTTP/1.1" 200 7855
2019-07-21 18:27:20,176 - INFO -root : news title: 中交地产上半年净利骤降83% 总裁耿忠强上任7个月请辞
2019-07-21 18:27:20,190 - INFO -root : news link: http://finance.china.com.cn/news/20190715/5029600.shtml
2019-07-21 18:27:20,196 - DEBUG -urllib3.connectionpool : Starting new HTTP connection (1): finance.china.com.cn:80
2019-07-21 18:27:20,521 - DEBUG -urllib3.connectionpool : http://finance.china.com.cn:80 "GET /news/20190715/5029600.shtml HTTP/1.1" 200 None
2019-07-21 18:27:21,568 - INFO -root : http://finance.china.com.cn/news/20190715/5029600.shtml ...done
2019-07-21 18:27:21,570 - INFO -root : news title: 蓝筹股“第一雷”！“药中茅台”半年盈利降近八成
2019-07-21 18:27:21,571 - INFO -root : news link: http://finance.china.com.cn/stock/ssgs/20190715/5029588.shtml
2019-07-21 18:27:21,575 - DEBUG -urllib3.connectionpool : Starting new HTTP connection (1): finance.china.com.cn:80
2019-07-21 18:27:21,812 - DEBUG -urllib3.connectionpool : http://finance.china.com.cn:80 "GET /stock/ssgs/20190715/5029588.shtml HTTP/1.1" 200 None
2019-07-21 18:27:22,814 - INFO -root : http://finance.china.com.cn/stock/ssgs/20190715/5029588.shtml ...done
2019-07-21 18:27:22,815 - INFO -root : news title: 绞肉机华阳集团花掉6亿募投后变脸 瑞银证券赚4800万
2019-07-21 18:27:22,815 - INFO -root : news link: http://finance.china.com.cn/stock/ssgs/20190715/5029572.shtml
2019-07-21 18:27:22,817 - DEBUG -urllib3.connectionpool : Starting new HTTP connection (1): finance.china.com.cn:80
2019-07-21 18:27:23,002 - DEBUG -urllib3.connectionpool : http://finance.china.com.cn:80 "GET /stock/ssgs/20190715/5029572.shtml HTTP/1.1" 200 None
2019-07-21 18:27:24,054 - INFO -root : http://finance.china.com.cn/stock/ssgs/20190715/5029572.shtml ...done
2019-07-21 18:27:24,060 - INFO -root : news title: 申万宏源上半年营收净利双丰收 H股上市首日遭遇破发
2019-07-21 18:27:24,062 - INFO -root : news link: http://finance.china.com.cn/stock/ssgs/20190715/5029557.shtml
2019-07-21 18:27:24,065 - DEBUG -urllib3.connectionpool : Starting new HTTP connection (1): finance.china.com.cn:80
2019-07-21 18:27:24,323 - DEBUG -urllib3.connectionpool : http://finance.china.com.cn:80 "GET /stock/ssgs/20190715/5029557.shtml HTTP/1.1" 200 14721
2019-07-21 18:27:24,860 - INFO -root : http://finance.china.com.cn/stock/ssgs/20190715/5029557.shtml ...done
2019-07-21 18:27:24,860 - INFO -root : news title: ST抚钢8年财务造假 对董监高司法追责有法可依
2019-07-21 18:27:24,861 - INFO -root : news link: http://finance.china.com.cn/stock/ssgs/20190715/5029556.shtml
2019-07-21 18:27:24,863 - DEBUG -urllib3.connectionpool : Starting new HTTP connection (1): finance.china.com.cn:80
2019-07-21 18:27:25,080 - DEBUG -urllib3.connectionpool : http://finance.china.com.cn:80 "GET /stock/ssgs/20190715/5029556.shtml HTTP/1.1" 200 None
2019-07-21 18:27:26,135 - INFO -root : http://finance.china.com.cn/stock/ssgs/20190715/5029556.shtml ...done
2019-07-21 18:27:26,135 - INFO -root : news title: 新城控股、博信股份 董事长成多少上市公司“黑天鹅”？
2019-07-21 18:27:26,136 - INFO -root : news link: http://finance.china.com.cn/stock/ssgs/20190715/5029554.shtml
2019-07-21 18:27:26,138 - DEBUG -urllib3.connectionpool : Starting new HTTP connection (1): finance.china.com.cn:80
2019-07-21 18:27:26,459 - DEBUG -urllib3.connectionpool : http://finance.china.com.cn:80 "GET /stock/ssgs/20190715/5029554.shtml HTTP/1.1" 200 None
2019-07-21 18:27:27,537 - INFO -root : http://finance.china.com.cn/stock/ssgs/20190715/5029554.shtml ...done
2019-07-21 18:27:27,538 - INFO -root : news title: 2吨黄金和董事长都不见了 这家百年老企业要完？
2019-07-21 18:27:27,538 - INFO -root : news link: http://finance.china.com.cn/stock/ssgs/20190715/5029549.shtml
2019-07-21 18:27:27,540 - DEBUG -urllib3.connectionpool : Starting new HTTP connection (1): finance.china.com.cn:80
2019-07-21 18:27:27,744 - DEBUG -urllib3.connectionpool : http://finance.china.com.cn:80 "GET /stock/ssgs/20190715/5029549.shtml HTTP/1.1" 200 None
2019-07-21 18:27:28,807 - INFO -root : http://finance.china.com.cn/stock/ssgs/20190715/5029549.shtml ...done
2019-07-21 18:27:28,807 - INFO -root : news title: 东阿阿胶业绩大幅预减 还会继续涨价吗
2019-07-21 18:27:28,808 - INFO -root : news link: http://finance.china.com.cn/stock/ssgs/20190715/5029543.shtml
2019-07-21 18:27:28,817 - DEBUG -urllib3.connectionpool : Starting new HTTP connection (1): finance.china.com.cn:80
2019-07-21 18:27:29,134 - DEBUG -urllib3.connectionpool : http://finance.china.com.cn:80 "GET /stock/ssgs/20190715/5029543.shtml HTTP/1.1" 200 None
2019-07-21 18:27:30,187 - INFO -root : http://finance.china.com.cn/stock/ssgs/20190715/5029543.shtml ...done
2019-07-21 18:27:30,188 - INFO -root : news title: 金鸿控股流动负债56亿数笔债务逾期 货币资金仅2.1亿
2019-07-21 18:27:30,192 - INFO -root : news link: http://finance.china.com.cn/stock/ssgs/20190715/5029405.shtml
2019-07-21 18:27:30,194 - DEBUG -urllib3.connectionpool : Starting new HTTP connection (1): finance.china.com.cn:80
2019-07-21 18:27:30,367 - DEBUG -urllib3.connectionpool : http://finance.china.com.cn:80 "GET /stock/ssgs/20190715/5029405.shtml HTTP/1.1" 200 None
2019-07-21 18:27:31,429 - INFO -root : http://finance.china.com.cn/stock/ssgs/20190715/5029405.shtml ...done
2019-07-21 18:27:31,429 - INFO -root : news title: 文化长城并购翡翠教育6亿收购款未结 不明应收预付款超5亿
2019-07-21 18:27:31,430 - INFO -root : news link: http://finance.china.com.cn/stock/ssgs/20190715/5029407.shtml
2019-07-21 18:27:31,432 - DEBUG -urllib3.connectionpool : Starting new HTTP connection (1): finance.china.com.cn:80
2019-07-21 18:27:31,921 - DEBUG -urllib3.connectionpool : http://finance.china.com.cn:80 "GET /stock/ssgs/20190715/5029407.shtml HTTP/1.1" 200 None
2019-07-21 18:27:32,984 - INFO -root : http://finance.china.com.cn/stock/ssgs/20190715/5029407.shtml ...done
2019-07-21 18:27:32,985 - INFO -root : news title: 客户消减库存 东阿阿胶归属净利预降近八成
2019-07-21 18:27:32,986 - INFO -root : news link: http://finance.china.com.cn/stock/ssgs/20190715/5029390.shtml
2019-07-21 18:27:32,990 - DEBUG -urllib3.connectionpool : Starting new HTTP connection (1): finance.china.com.cn:80
2019-07-21 18:27:33,321 - DEBUG -urllib3.connectionpool : http://finance.china.com.cn:80 "GET /stock/ssgs/20190715/5029390.shtml HTTP/1.1" 200 None
2019-07-21 18:27:34,357 - INFO -root : http://finance.china.com.cn/stock/ssgs/20190715/5029390.shtml ...done
2019-07-21 18:27:34,358 - INFO -root : news title: 没有供热、原药合成车间难复产 丰山集团成Ａ股史上最快ST股
2019-07-21 18:27:34,359 - INFO -root : news link: http://finance.china.com.cn/stock/ssgs/20190715/5029269.shtml
2019-07-21 18:27:34,361 - DEBUG -urllib3.connectionpool : Starting new HTTP connection (1): finance.china.com.cn:80
2019-07-21 18:27:34,641 - DEBUG -urllib3.connectionpool : http://finance.china.com.cn:80 "GET /stock/ssgs/20190715/5029269.shtml HTTP/1.1" 200 None
2019-07-21 18:27:35,676 - INFO -root : http://finance.china.com.cn/stock/ssgs/20190715/5029269.shtml ...done
2019-07-21 18:27:35,677 - INFO -root : news title: 上市不到10个月 丰山集团因停工检修被ST
2019-07-21 18:27:35,678 - INFO -root : news link: http://finance.china.com.cn/stock/ssgs/20190715/5029231.shtml
2019-07-21 18:27:35,681 - DEBUG -urllib3.connectionpool : Starting new HTTP connection (1): finance.china.com.cn:80
2019-07-21 18:27:35,881 - DEBUG -urllib3.connectionpool : http://finance.china.com.cn:80 "GET /stock/ssgs/20190715/5029231.shtml HTTP/1.1" 200 None
2019-07-21 18:27:36,931 - INFO -root : http://finance.china.com.cn/stock/ssgs/20190715/5029231.shtml ...done
2019-07-21 18:27:36,934 - INFO -root : news title: 新城黑天鹅冲击波：长期发展或受融资、土储影响
2019-07-21 18:27:36,937 - INFO -root : news link: http://finance.china.com.cn/stock/ssgs/20190715/5029220.shtml
2019-07-21 18:27:36,940 - DEBUG -urllib3.connectionpool : Starting new HTTP connection (1): finance.china.com.cn:80
2019-07-21 18:27:37,346 - DEBUG -urllib3.connectionpool : http://finance.china.com.cn:80 "GET /stock/ssgs/20190715/5029220.shtml HTTP/1.1" 200 None
2019-07-21 18:27:38,353 - INFO -root : http://finance.china.com.cn/stock/ssgs/20190715/5029220.shtml ...done
2019-07-21 18:27:38,354 - INFO -root : news title: 持续扩张后方大系股权生变 方铭显跃居辽宁方大集团股东
2019-07-21 18:27:38,354 - INFO -root : news link: http://finance.china.com.cn/stock/ssgs/20190714/5028807.shtml
2019-07-21 18:27:38,356 - DEBUG -urllib3.connectionpool : Starting new HTTP connection (1): finance.china.com.cn:80
2019-07-21 18:27:38,681 - DEBUG -urllib3.connectionpool : http://finance.china.com.cn:80 "GET /stock/ssgs/20190714/5028807.shtml HTTP/1.1" 200 None
2019-07-21 18:27:39,731 - INFO -root : http://finance.china.com.cn/stock/ssgs/20190714/5028807.shtml ...done
2019-07-21 18:27:39,741 - INFO -root : news title: 大亚圣象控股股东现家族内讧：兄弟阋墙、母子反目
2019-07-21 18:27:39,742 - INFO -root : news link: http://finance.china.com.cn/stock/ssgs/20190714/5028802.shtml
2019-07-21 18:27:39,746 - DEBUG -urllib3.connectionpool : Starting new HTTP connection (1): finance.china.com.cn:80
2019-07-21 18:27:39,965 - DEBUG -urllib3.connectionpool : http://finance.china.com.cn:80 "GET /stock/ssgs/20190714/5028802.shtml HTTP/1.1" 200 None
2019-07-21 18:27:40,982 - INFO -root : http://finance.china.com.cn/stock/ssgs/20190714/5028802.shtml ...done
2019-07-21 18:27:40,983 - INFO -root : news title: “安踏们”遭遇做空浪潮 中国企业如何应对
2019-07-21 18:27:40,983 - INFO -root : news link: http://finance.china.com.cn/stock/ssgs/20190714/5028793.shtml
2019-07-21 18:27:40,985 - DEBUG -urllib3.connectionpool : Starting new HTTP connection (1): finance.china.com.cn:80
2019-07-21 18:27:41,210 - DEBUG -urllib3.connectionpool : http://finance.china.com.cn:80 "GET /stock/ssgs/20190714/5028793.shtml HTTP/1.1" 200 None
2019-07-21 18:27:42,267 - INFO -root : http://finance.china.com.cn/stock/ssgs/20190714/5028793.shtml ...done
2019-07-21 18:27:42,268 - INFO -root : news title: 持续扩张后方大系股权生变 方铭显跃居辽宁方大集团股东
2019-07-21 18:27:42,270 - INFO -root : news link: http://finance.china.com.cn/industry/company/20190713/5028634.shtml
2019-07-21 18:27:42,273 - DEBUG -urllib3.connectionpool : Starting new HTTP connection (1): finance.china.com.cn:80
2019-07-21 18:27:42,483 - DEBUG -urllib3.connectionpool : http://finance.china.com.cn:80 "GET /industry/company/20190713/5028634.shtml HTTP/1.1" 200 None
2019-07-21 18:27:43,513 - INFO -root : http://finance.china.com.cn/industry/company/20190713/5028634.shtml ...done
2019-07-21 18:27:43,513 - INFO -root : news title: 三只松鼠今日登陆深交所 股价大涨44%市值接近85亿元
2019-07-21 18:27:43,514 - INFO -root : news link: http://finance.china.com.cn/news/20190712/5028256.shtml
2019-07-21 18:27:43,518 - DEBUG -urllib3.connectionpool : Starting new HTTP connection (1): finance.china.com.cn:80
2019-07-21 18:27:43,816 - DEBUG -urllib3.connectionpool : http://finance.china.com.cn:80 "GET /news/20190712/5028256.shtml HTTP/1.1" 200 None
2019-07-21 18:27:44,894 - INFO -root : http://finance.china.com.cn/news/20190712/5028256.shtml ...done
2019-07-21 18:27:44,895 - INFO -root : news title: 獐子岛涉嫌财务造假 调查五百天 股价今年“过山车”
2019-07-21 18:27:44,895 - INFO -root : news link: http://finance.china.com.cn/stock/ssgs/20190712/5027951.shtml
2019-07-21 18:27:44,897 - DEBUG -urllib3.connectionpool : Starting new HTTP connection (1): finance.china.com.cn:80
2019-07-21 18:27:45,091 - DEBUG -urllib3.connectionpool : http://finance.china.com.cn:80 "GET /stock/ssgs/20190712/5027951.shtml HTTP/1.1" 200 None
2019-07-21 18:27:46,119 - INFO -root : http://finance.china.com.cn/stock/ssgs/20190712/5027951.shtml ...done
2019-07-21 18:27:46,120 - INFO -root : news title: 切割盛大绑定腾讯 盛趣游戏回A后如何续写“传奇”
2019-07-21 18:27:46,120 - INFO -root : news link: http://finance.china.com.cn/stock/ssgs/20190712/5027950.shtml
2019-07-21 18:27:46,123 - DEBUG -urllib3.connectionpool : Starting new HTTP connection (1): finance.china.com.cn:80
2019-07-21 18:27:46,302 - DEBUG -urllib3.connectionpool : http://finance.china.com.cn:80 "GET /stock/ssgs/20190712/5027950.shtml HTTP/1.1" 200 None
2019-07-21 18:27:47,336 - INFO -root : http://finance.china.com.cn/stock/ssgs/20190712/5027950.shtml ...done
2019-07-21 18:27:47,337 - INFO -root : news title: 盛路通信应收账款超10亿占营收七成 大股东及高管轮番减持套现
2019-07-21 18:27:47,337 - INFO -root : news link: http://finance.china.com.cn/stock/ssgs/20190712/5027902.shtml
2019-07-21 18:27:47,340 - DEBUG -urllib3.connectionpool : Starting new HTTP connection (1): finance.china.com.cn:80
2019-07-21 18:27:47,489 - DEBUG -urllib3.connectionpool : http://finance.china.com.cn:80 "GET /stock/ssgs/20190712/5027902.shtml HTTP/1.1" 200 None
2019-07-21 18:27:48,553 - INFO -root : http://finance.china.com.cn/stock/ssgs/20190712/5027902.shtml ...done
2019-07-21 18:27:48,554 - INFO -root : news title: 沧州明珠跨省买房涉嫌利益输送 短期借款年增5倍流动性不足
2019-07-21 18:27:48,554 - INFO -root : news link: http://finance.china.com.cn/stock/ssgs/20190712/5027891.shtml
2019-07-21 18:27:48,556 - DEBUG -urllib3.connectionpool : Starting new HTTP connection (1): finance.china.com.cn:80
2019-07-21 18:27:48,839 - DEBUG -urllib3.connectionpool : http://finance.china.com.cn:80 "GET /stock/ssgs/20190712/5027891.shtml HTTP/1.1" 200 None
2019-07-21 18:27:49,870 - INFO -root : http://finance.china.com.cn/stock/ssgs/20190712/5027891.shtml ...done
2019-07-21 18:27:49,870 - INFO -root : news title: 5G风口急卖子公司80%股权 风华高科为何放弃FPC业务
2019-07-21 18:27:49,872 - INFO -root : news link: http://finance.china.com.cn/roll/20190712/5027893.shtml
2019-07-21 18:27:49,874 - DEBUG -urllib3.connectionpool : Starting new HTTP connection (1): finance.china.com.cn:80
2019-07-21 18:27:50,184 - DEBUG -urllib3.connectionpool : http://finance.china.com.cn:80 "GET /roll/20190712/5027893.shtml HTTP/1.1" 200 None
2019-07-21 18:27:51,245 - INFO -root : http://finance.china.com.cn/roll/20190712/5027893.shtml ...done
2019-07-21 18:27:51,245 - INFO -root : news title: 香山股份业绩变脸两副总辞职 投行安信证券赚7000万
2019-07-21 18:27:51,246 - INFO -root : news link: http://finance.china.com.cn/stock/ssgs/20190712/5027869.shtml
2019-07-21 18:27:51,248 - DEBUG -urllib3.connectionpool : Starting new HTTP connection (1): finance.china.com.cn:80
2019-07-21 18:27:51,571 - DEBUG -urllib3.connectionpool : http://finance.china.com.cn:80 "GET /stock/ssgs/20190712/5027869.shtml HTTP/1.1" 200 None
2019-07-21 18:27:52,607 - INFO -root : http://finance.china.com.cn/stock/ssgs/20190712/5027869.shtml ...done
2019-07-21 18:27:52,608 - INFO -root : news title: 中联数据前五大客户销售额占营收九成 应收账款1.3亿毛利率持续下降
2019-07-21 18:27:52,608 - INFO -root : news link: http://finance.china.com.cn/stock/ssgs/20190712/5027904.shtml
2019-07-21 18:27:52,611 - DEBUG -urllib3.connectionpool : Starting new HTTP connection (1): finance.china.com.cn:80
2019-07-21 18:27:52,817 - DEBUG -urllib3.connectionpool : http://finance.china.com.cn:80 "GET /stock/ssgs/20190712/5027904.shtml HTTP/1.1" 200 None
2019-07-21 18:27:53,821 - INFO -root : http://finance.china.com.cn/stock/ssgs/20190712/5027904.shtml ...done
2019-07-21 18:27:53,821 - INFO -root : news title: 亿利达上半年净利最高预降八成 资产减值损失2044万为利润近9倍
2019-07-21 18:27:53,822 - INFO -root : news link: http://finance.china.com.cn/stock/ssgs/20190712/5027890.shtml
2019-07-21 18:27:53,824 - DEBUG -urllib3.connectionpool : Starting new HTTP connection (1): finance.china.com.cn:80
2019-07-21 18:27:54,121 - DEBUG -urllib3.connectionpool : http://finance.china.com.cn:80 "GET /stock/ssgs/20190712/5027890.shtml HTTP/1.1" 200 None
2019-07-21 18:27:55,168 - INFO -root : http://finance.china.com.cn/stock/ssgs/20190712/5027890.shtml ...done
2019-07-21 18:27:55,169 - INFO -root : news title: 天神娱乐上半年预亏最高达2.3亿 1万元出售资不抵债子公司自救
2019-07-21 18:27:55,169 - INFO -root : news link: http://finance.china.com.cn/roll/20190712/5027898.shtml
2019-07-21 18:27:55,172 - DEBUG -urllib3.connectionpool : Starting new HTTP connection (1): finance.china.com.cn:80
2019-07-21 18:27:55,643 - DEBUG -urllib3.connectionpool : http://finance.china.com.cn:80 "GET /roll/20190712/5027898.shtml HTTP/1.1" 200 None
2019-07-21 18:27:56,703 - INFO -root : http://finance.china.com.cn/roll/20190712/5027898.shtml ...done
2019-07-21 18:27:56,703 - INFO -root : news title: 联创电子30亿有息债务为货币资金3.8倍 去年扣非净利降逾4成
2019-07-21 18:27:56,704 - INFO -root : news link: http://finance.china.com.cn/stock/ssgs/20190712/5027905.shtml
2019-07-21 18:27:56,706 - DEBUG -urllib3.connectionpool : Starting new HTTP connection (1): finance.china.com.cn:80
2019-07-21 18:27:57,042 - DEBUG -urllib3.connectionpool : http://finance.china.com.cn:80 "GET /stock/ssgs/20190712/5027905.shtml HTTP/1.1" 200 None
2019-07-21 18:27:58,090 - INFO -root : http://finance.china.com.cn/stock/ssgs/20190712/5027905.shtml ...done
2019-07-21 18:27:58,091 - INFO -root : news title: 并购“后遗症”频发 银禧科技起诉子公司原股东
2019-07-21 18:27:58,091 - INFO -root : news link: http://finance.china.com.cn/stock/ssgs/20190712/5027879.shtml
2019-07-21 18:27:58,093 - DEBUG -urllib3.connectionpool : Starting new HTTP connection (1): finance.china.com.cn:80
2019-07-21 18:27:58,396 - DEBUG -urllib3.connectionpool : http://finance.china.com.cn:80 "GET /stock/ssgs/20190712/5027879.shtml HTTP/1.1" 200 None
2019-07-21 18:27:59,443 - INFO -root : http://finance.china.com.cn/stock/ssgs/20190712/5027879.shtml ...done
2019-07-21 18:27:59,443 - INFO -root : news title: 碧生源拟1.25亿卖子公司 去年曾卖总部大楼“输血”上市公司
2019-07-21 18:27:59,445 - INFO -root : news link: http://finance.china.com.cn/stock/ssgs/20190712/5027852.shtml
2019-07-21 18:27:59,447 - DEBUG -urllib3.connectionpool : Starting new HTTP connection (1): finance.china.com.cn:80
2019-07-21 18:27:59,644 - DEBUG -urllib3.connectionpool : http://finance.china.com.cn:80 "GET /stock/ssgs/20190712/5027852.shtml HTTP/1.1" 200 None
2019-07-21 18:28:00,701 - INFO -root : http://finance.china.com.cn/stock/ssgs/20190712/5027852.shtml ...done
2019-07-21 18:28:00,701 - INFO -root : news title: 高喊"活下去"的万科3个月发生三起项目事故 业主投诉频繁
2019-07-21 18:28:00,703 - INFO -root : news link: http://finance.china.com.cn/news/20190712/5027821.shtml
2019-07-21 18:28:00,704 - DEBUG -urllib3.connectionpool : Starting new HTTP connection (1): finance.china.com.cn:80
2019-07-21 18:28:00,881 - DEBUG -urllib3.connectionpool : http://finance.china.com.cn:80 "GET /news/20190712/5027821.shtml HTTP/1.1" 200 None
2019-07-21 18:28:01,927 - INFO -root : http://finance.china.com.cn/news/20190712/5027821.shtml ...done
2019-07-21 18:28:01,928 - INFO -root : news title: “跑路”扇贝总算清白了！獐子岛涉嫌财务造假成实锤
2019-07-21 18:28:01,928 - INFO -root : news link: http://finance.china.com.cn/stock/ssgs/20190711/5027483.shtml
2019-07-21 18:28:01,930 - DEBUG -urllib3.connectionpool : Starting new HTTP connection (1): finance.china.com.cn:80
2019-07-21 18:28:02,125 - DEBUG -urllib3.connectionpool : http://finance.china.com.cn:80 "GET /stock/ssgs/20190711/5027483.shtml HTTP/1.1" 200 None
2019-07-21 18:28:03,153 - INFO -root : http://finance.china.com.cn/stock/ssgs/20190711/5027483.shtml ...done
2019-07-21 18:28:03,154 - INFO -root : news title: 负债翻倍后吉药控股欲收购修正药业 后者曾涉受贿案
2019-07-21 18:28:03,154 - INFO -root : news link: http://finance.china.com.cn/stock/ssgs/20190711/5027394.shtml
2019-07-21 18:28:03,157 - DEBUG -urllib3.connectionpool : Starting new HTTP connection (1): finance.china.com.cn:80
2019-07-21 18:28:03,329 - DEBUG -urllib3.connectionpool : http://finance.china.com.cn:80 "GET /stock/ssgs/20190711/5027394.shtml HTTP/1.1" 200 16137
2019-07-21 18:28:03,915 - INFO -root : http://finance.china.com.cn/stock/ssgs/20190711/5027394.shtml ...done
2019-07-21 18:28:03,915 - INFO -root : news title: 新城控股被列入评级观察名单：到期债务偿还面临压力
2019-07-21 18:28:03,916 - INFO -root : news link: http://finance.china.com.cn/stock/ssgs/20190711/5027378.shtml
2019-07-21 18:28:03,918 - DEBUG -urllib3.connectionpool : Starting new HTTP connection (1): finance.china.com.cn:80
2019-07-21 18:28:04,123 - DEBUG -urllib3.connectionpool : http://finance.china.com.cn:80 "GET /stock/ssgs/20190711/5027378.shtml HTTP/1.1" 200 None
2019-07-21 18:28:05,183 - INFO -root : http://finance.china.com.cn/stock/ssgs/20190711/5027378.shtml ...done
2019-07-21 18:28:05,183 - INFO -root : news title: 海航控股：董事长谢皓明离任
2019-07-21 18:28:05,184 - INFO -root : news link: http://finance.china.com.cn/stock/ssgs/20190711/5027353.shtml
2019-07-21 18:28:05,189 - DEBUG -urllib3.connectionpool : Starting new HTTP connection (1): finance.china.com.cn:80
2019-07-21 18:28:05,377 - DEBUG -urllib3.connectionpool : http://finance.china.com.cn:80 "GET /stock/ssgs/20190711/5027353.shtml HTTP/1.1" 200 None
2019-07-21 18:28:06,413 - INFO -root : http://finance.china.com.cn/stock/ssgs/20190711/5027353.shtml ...done
2019-07-21 18:28:06,414 - INFO -root : news title: 控股股东“散伙” 浙大网新变为“无主”状态
2019-07-21 18:28:06,414 - INFO -root : news link: http://finance.china.com.cn/stock/ssgs/20190711/5027083.shtml
2019-07-21 18:28:06,416 - DEBUG -urllib3.connectionpool : Starting new HTTP connection (1): finance.china.com.cn:80
2019-07-21 18:28:06,626 - DEBUG -urllib3.connectionpool : http://finance.china.com.cn:80 "GET /stock/ssgs/20190711/5027083.shtml HTTP/1.1" 200 None
2019-07-21 18:28:07,666 - INFO -root : http://finance.china.com.cn/stock/ssgs/20190711/5027083.shtml ...done
2019-07-21 18:28:07,666 - INFO -root : news title: 欢瑞世纪“隐雷” 被刻意掩盖的平仓风险或涉误导性陈述？
2019-07-21 18:28:07,666 - INFO -root : news link: http://finance.china.com.cn/stock/ssgs/20190711/5026990.shtml
2019-07-21 18:28:07,669 - DEBUG -urllib3.connectionpool : Starting new HTTP connection (1): finance.china.com.cn:80
2019-07-21 18:28:07,845 - DEBUG -urllib3.connectionpool : http://finance.china.com.cn:80 "GET /stock/ssgs/20190711/5026990.shtml HTTP/1.1" 200 None
2019-07-21 18:28:08,883 - INFO -root : http://finance.china.com.cn/stock/ssgs/20190711/5026990.shtml ...done
2019-07-21 18:28:08,883 - INFO -root : news title: 中国上市公司500强出炉！“两桶油”居前二 工行最赚钱
2019-07-21 18:28:08,885 - INFO -root : news link: http://finance.china.com.cn/stock/ssgs/20190711/5026923.shtml
2019-07-21 18:28:08,890 - DEBUG -urllib3.connectionpool : Starting new HTTP connection (1): finance.china.com.cn:80
2019-07-21 18:28:09,096 - DEBUG -urllib3.connectionpool : http://finance.china.com.cn:80 "GET /stock/ssgs/20190711/5026923.shtml HTTP/1.1" 200 None
2019-07-21 18:28:11,631 - INFO -root : http://finance.china.com.cn/stock/ssgs/20190711/5026923.shtml ...done
2019-07-21 18:28:11,631 - INFO -root : news title: 大东海A上半年净利预降超30% 保壳22年靠单一酒店支撑业绩
2019-07-21 18:28:11,632 - INFO -root : news link: http://finance.china.com.cn/stock/ssgs/20190711/5026907.shtml
2019-07-21 18:28:11,633 - DEBUG -urllib3.connectionpool : Starting new HTTP connection (1): finance.china.com.cn:80
2019-07-21 18:28:11,840 - DEBUG -urllib3.connectionpool : http://finance.china.com.cn:80 "GET /stock/ssgs/20190711/5026907.shtml HTTP/1.1" 200 None
2019-07-21 18:28:12,903 - INFO -root : http://finance.china.com.cn/stock/ssgs/20190711/5026907.shtml ...done
2019-07-21 18:28:12,917 - INFO -root : news title: 创新医疗实控人被举报侵吞上市公司数亿资产
2019-07-21 18:28:12,918 - INFO -root : news link: http://finance.china.com.cn/stock/ssgs/20190711/5026886.shtml
2019-07-21 18:28:12,933 - DEBUG -urllib3.connectionpool : Starting new HTTP connection (1): finance.china.com.cn:80
2019-07-21 18:28:13,121 - DEBUG -urllib3.connectionpool : http://finance.china.com.cn:80 "GET /stock/ssgs/20190711/5026886.shtml HTTP/1.1" 200 None
2019-07-21 18:28:14,184 - INFO -root : http://finance.china.com.cn/stock/ssgs/20190711/5026886.shtml ...done
2019-07-21 18:28:14,185 - INFO -root : news title: 宜通世纪收购标的原股东被捕 业绩补偿款或难追回
2019-07-21 18:28:14,185 - INFO -root : news link: http://finance.china.com.cn/stock/ssgs/20190711/5026887.shtml
2019-07-21 18:28:14,189 - DEBUG -urllib3.connectionpool : Starting new HTTP connection (1): finance.china.com.cn:80
2019-07-21 18:28:14,351 - DEBUG -urllib3.connectionpool : http://finance.china.com.cn:80 "GET /stock/ssgs/20190711/5026887.shtml HTTP/1.1" 200 None
2019-07-21 18:28:15,418 - INFO -root : http://finance.china.com.cn/stock/ssgs/20190711/5026887.shtml ...done
2019-07-21 18:28:15,418 - INFO -root : news title: 《千与千寻》热卖难掩业绩疲弱 光线传媒全赖股权投资
2019-07-21 18:28:15,419 - INFO -root : news link: http://finance.china.com.cn/stock/ssgs/20190711/5026856.shtml
2019-07-21 18:28:15,422 - DEBUG -urllib3.connectionpool : Starting new HTTP connection (1): finance.china.com.cn:80
2019-07-21 18:28:15,633 - DEBUG -urllib3.connectionpool : http://finance.china.com.cn:80 "GET /stock/ssgs/20190711/5026856.shtml HTTP/1.1" 200 None
2019-07-21 18:28:16,678 - INFO -root : http://finance.china.com.cn/stock/ssgs/20190711/5026856.shtml ...done
2019-07-21 18:28:16,679 - INFO -root : news title: 沿海家园昌平项目现火情事故 年内鸡西工程违法未招标
2019-07-21 18:28:16,679 - INFO -root : news link: http://finance.china.com.cn/stock/ssgs/20190711/5026816.shtml
2019-07-21 18:28:16,680 - DEBUG -urllib3.connectionpool : Starting new HTTP connection (1): finance.china.com.cn:80
2019-07-21 18:28:16,897 - DEBUG -urllib3.connectionpool : http://finance.china.com.cn:80 "GET /stock/ssgs/20190711/5026816.shtml HTTP/1.1" 200 None
2019-07-21 18:28:17,895 - INFO -root : http://finance.china.com.cn/stock/ssgs/20190711/5026816.shtml ...done
2019-07-21 18:28:17,896 - INFO -root : news title: 吉药控股拟收购修正药业 涉重大资产重组明起停牌
2019-07-21 18:28:17,896 - INFO -root : news link: http://finance.china.com.cn/stock/ssgs/20190710/5026404.shtml
2019-07-21 18:28:17,899 - DEBUG -urllib3.connectionpool : Starting new HTTP connection (1): finance.china.com.cn:80
2019-07-21 18:28:18,129 - DEBUG -urllib3.connectionpool : http://finance.china.com.cn:80 "GET /stock/ssgs/20190710/5026404.shtml HTTP/1.1" 200 None
2019-07-21 18:28:19,212 - INFO -root : http://finance.china.com.cn/stock/ssgs/20190710/5026404.shtml ...done
2019-07-21 18:28:19,214 - INFO -root : news title: 獐子岛涉嫌财务造假被罚款60万 吴厚刚终身禁入市场
2019-07-21 18:28:19,215 - INFO -root : news link: http://finance.china.com.cn/stock/ssgs/20190710/5026360.shtml
2019-07-21 18:28:19,219 - DEBUG -urllib3.connectionpool : Starting new HTTP connection (1): finance.china.com.cn:80
2019-07-21 18:28:19,404 - DEBUG -urllib3.connectionpool : http://finance.china.com.cn:80 "GET /stock/ssgs/20190710/5026360.shtml HTTP/1.1" 200 None
2019-07-21 18:28:20,451 - INFO -root : http://finance.china.com.cn/stock/ssgs/20190710/5026360.shtml ...done
2019-07-21 18:28:20,458 - INFO -root : news title: 金科股份溢价收购亏损标的遭两董事反对 深交所发关注函
2019-07-21 18:28:20,459 - INFO -root : news link: http://finance.china.com.cn/stock/ssgs/20190710/5026356.shtml
2019-07-21 18:28:20,462 - DEBUG -urllib3.connectionpool : Starting new HTTP connection (1): finance.china.com.cn:80
2019-07-21 18:28:20,644 - DEBUG -urllib3.connectionpool : http://finance.china.com.cn:80 "GET /stock/ssgs/20190710/5026356.shtml HTTP/1.1" 200 None
2019-07-21 18:28:21,684 - INFO -root : http://finance.china.com.cn/stock/ssgs/20190710/5026356.shtml ...done
2019-07-21 18:28:21,684 - INFO -root : news title: 金盾股份前董事长坠亡 董秘：高利贷年化利率达360%
2019-07-21 18:28:21,685 - INFO -root : news link: http://finance.china.com.cn/stock/ssgs/20190710/5026330.shtml
2019-07-21 18:28:21,687 - DEBUG -urllib3.connectionpool : Starting new HTTP connection (1): finance.china.com.cn:80
2019-07-21 18:28:21,910 - DEBUG -urllib3.connectionpool : http://finance.china.com.cn:80 "GET /stock/ssgs/20190710/5026330.shtml HTTP/1.1" 200 None
2019-07-21 18:28:22,957 - INFO -root : http://finance.china.com.cn/stock/ssgs/20190710/5026330.shtml ...done
2019-07-21 18:28:22,957 - INFO -root : news title: 珈伟新能5项违规被责令改正 董事长丁孔贤等吃警示函
2019-07-21 18:28:22,958 - INFO -root : news link: http://finance.china.com.cn/stock/ssgs/20190710/5026299.shtml
2019-07-21 18:28:22,960 - DEBUG -urllib3.connectionpool : Starting new HTTP connection (1): finance.china.com.cn:80
2019-07-21 18:28:23,206 - DEBUG -urllib3.connectionpool : http://finance.china.com.cn:80 "GET /stock/ssgs/20190710/5026299.shtml HTTP/1.1" 200 None
2019-07-21 18:28:24,252 - INFO -root : http://finance.china.com.cn/stock/ssgs/20190710/5026299.shtml ...done
2019-07-21 18:28:24,252 - INFO -root : news title: 贵州省政府：同意推荐李静仁为茅台酒厂总经理
2019-07-21 18:28:24,253 - INFO -root : news link: http://finance.china.com.cn/stock/ssgs/20190710/5026280.shtml
2019-07-21 18:28:24,255 - DEBUG -urllib3.connectionpool : Starting new HTTP connection (1): finance.china.com.cn:80
2019-07-21 18:28:24,505 - DEBUG -urllib3.connectionpool : http://finance.china.com.cn:80 "GET /stock/ssgs/20190710/5026280.shtml HTTP/1.1" 200 None
2019-07-21 18:28:25,542 - INFO -root : http://finance.china.com.cn/stock/ssgs/20190710/5026280.shtml ...done
2019-07-21 18:28:25,543 - INFO -root : news title: 金科股份拟溢价11倍收购黄红云胞弟公司 深交所发函质疑
2019-07-21 18:28:25,549 - INFO -root : news link: http://finance.china.com.cn/news/20190710/5026221.shtml
2019-07-21 18:28:25,554 - DEBUG -urllib3.connectionpool : Starting new HTTP connection (1): finance.china.com.cn:80
2019-07-21 18:28:25,800 - DEBUG -urllib3.connectionpool : http://finance.china.com.cn:80 "GET /news/20190710/5026221.shtml HTTP/1.1" 200 None
2019-07-21 18:28:26,825 - INFO -root : http://finance.china.com.cn/news/20190710/5026221.shtml ...done
2019-07-21 18:28:26,825 - INFO -root : news title: 珈伟新能因会计核算不规范等5大问题被责令改正 3名高管吃警示函
2019-07-21 18:28:26,825 - INFO -root : news link: http://finance.china.com.cn/news/20190710/5026141.shtml
2019-07-21 18:28:26,827 - DEBUG -urllib3.connectionpool : Starting new HTTP connection (1): finance.china.com.cn:80
2019-07-21 18:28:27,039 - DEBUG -urllib3.connectionpool : http://finance.china.com.cn:80 "GET /news/20190710/5026141.shtml HTTP/1.1" 200 None
2019-07-21 18:28:28,090 - INFO -root : http://finance.china.com.cn/news/20190710/5026141.shtml ...done
2019-07-21 18:28:28,090 - INFO -root : news title: 康得新市值缩水821亿 员工持股及股民索赔会耗多久？
2019-07-21 18:28:28,091 - INFO -root : news link: http://finance.china.com.cn/stock/ssgs/20190710/5026121.shtml
2019-07-21 18:28:28,092 - DEBUG -urllib3.connectionpool : Starting new HTTP connection (1): finance.china.com.cn:80
2019-07-21 18:28:28,295 - DEBUG -urllib3.connectionpool : http://finance.china.com.cn:80 "GET /stock/ssgs/20190710/5026121.shtml HTTP/1.1" 200 None
2019-07-21 18:28:29,335 - INFO -root : http://finance.china.com.cn/stock/ssgs/20190710/5026121.shtml ...done
2019-07-21 18:28:29,336 - INFO -root : news title: 神雾集团公司债券曝两宗违规 货币资金曾虚增近9倍
2019-07-21 18:28:29,336 - INFO -root : news link: http://finance.china.com.cn/stock/ssgs/20190710/5026070.shtml
2019-07-21 18:28:29,337 - DEBUG -urllib3.connectionpool : Starting new HTTP connection (1): finance.china.com.cn:80
2019-07-21 18:28:29,524 - DEBUG -urllib3.connectionpool : http://finance.china.com.cn:80 "GET /stock/ssgs/20190710/5026070.shtml HTTP/1.1" 200 None
